mode: atomic
bitbucket.org/SlothNinja/confucius/choose_chief_minister_phase.go:15.13,17.2 1 1
bitbucket.org/SlothNinja/confucius/choose_chief_minister_phase.go:19.62,24.18 4 2
bitbucket.org/SlothNinja/confucius/choose_chief_minister_phase.go:24.18,30.3 5 1
bitbucket.org/SlothNinja/confucius/choose_chief_minister_phase.go:30.3,32.3 1 1
bitbucket.org/SlothNinja/confucius/choose_chief_minister_phase.go:35.90,40.16 4 0
bitbucket.org/SlothNinja/confucius/choose_chief_minister_phase.go:45.2,58.28 8 0
bitbucket.org/SlothNinja/confucius/choose_chief_minister_phase.go:40.16,42.3 1 0
bitbucket.org/SlothNinja/confucius/choose_chief_minister_phase.go:65.84,73.2 7 0
bitbucket.org/SlothNinja/confucius/choose_chief_minister_phase.go:75.57,77.2 1 0
bitbucket.org/SlothNinja/confucius/choose_chief_minister_phase.go:79.82,90.16 5 0
bitbucket.org/SlothNinja/confucius/choose_chief_minister_phase.go:94.2,96.9 3 0
bitbucket.org/SlothNinja/confucius/choose_chief_minister_phase.go:108.2,108.23 1 0
bitbucket.org/SlothNinja/confucius/choose_chief_minister_phase.go:90.16,92.3 1 0
bitbucket.org/SlothNinja/confucius/choose_chief_minister_phase.go:97.24,98.51 1 0
bitbucket.org/SlothNinja/confucius/choose_chief_minister_phase.go:99.46,100.83 1 0
bitbucket.org/SlothNinja/confucius/choose_chief_minister_phase.go:101.38,102.95 1 0
bitbucket.org/SlothNinja/confucius/choose_chief_minister_phase.go:103.38,104.104 1 0
bitbucket.org/SlothNinja/confucius/choose_chief_minister_phase.go:105.27,106.74 1 0
bitbucket.org/SlothNinja/confucius/choose_chief_minister_phase.go:111.49,113.2 1 0
bitbucket.org/SlothNinja/confucius/emperor_card.go:34.52,36.44 2 0
bitbucket.org/SlothNinja/confucius/emperor_card.go:39.2,39.14 1 0
bitbucket.org/SlothNinja/confucius/emperor_card.go:36.44,38.3 1 0
bitbucket.org/SlothNinja/confucius/emperor_card.go:42.43,43.37 1 1
bitbucket.org/SlothNinja/confucius/emperor_card.go:46.2,46.8 1 1
bitbucket.org/SlothNinja/confucius/emperor_card.go:43.37,45.3 1 10
bitbucket.org/SlothNinja/confucius/emperor_card.go:49.53,51.2 1 5
bitbucket.org/SlothNinja/confucius/emperor_card.go:53.55,55.2 1 14
bitbucket.org/SlothNinja/confucius/emperor_card.go:57.60,61.2 3 44
bitbucket.org/SlothNinja/confucius/emperor_card.go:63.56,65.2 1 39
bitbucket.org/SlothNinja/confucius/emperor_card.go:67.69,69.2 1 39
bitbucket.org/SlothNinja/confucius/emperor_card.go:71.50,74.2 2 0
bitbucket.org/SlothNinja/confucius/emperor_card.go:76.69,81.2 4 0
bitbucket.org/SlothNinja/confucius/emperor_card.go:83.34,84.21 1 0
bitbucket.org/SlothNinja/confucius/emperor_card.go:84.21,86.3 1 0
bitbucket.org/SlothNinja/confucius/emperor_card.go:89.56,91.2 1 5
bitbucket.org/SlothNinja/confucius/emperor_card.go:93.74,95.26 2 5
bitbucket.org/SlothNinja/confucius/emperor_card.go:98.2,98.8 1 5
bitbucket.org/SlothNinja/confucius/emperor_card.go:95.26,97.3 1 5
bitbucket.org/SlothNinja/confucius/emperor_card.go:101.69,103.23 2 5
bitbucket.org/SlothNinja/confucius/emperor_card.go:109.2,109.8 1 5
bitbucket.org/SlothNinja/confucius/emperor_card.go:103.23,104.20 1 5
bitbucket.org/SlothNinja/confucius/emperor_card.go:104.20,106.9 2 5
bitbucket.org/SlothNinja/confucius/emperor_card.go:112.54,114.2 1 5
bitbucket.org/SlothNinja/confucius/emperor_card.go:129.40,131.2 1 0
bitbucket.org/SlothNinja/confucius/emperor_card.go:177.53,179.2 1 0
bitbucket.org/SlothNinja/confucius/examination_phase.go:12.13,14.2 1 1
bitbucket.org/SlothNinja/confucius/examination_phase.go:18.71,22.57 3 0
bitbucket.org/SlothNinja/confucius/examination_phase.go:41.2,41.8 1 0
bitbucket.org/SlothNinja/confucius/examination_phase.go:23.33,25.28 2 0
bitbucket.org/SlothNinja/confucius/examination_phase.go:26.30,31.14 3 0
bitbucket.org/SlothNinja/confucius/examination_phase.go:35.3,35.77 1 0
bitbucket.org/SlothNinja/confucius/examination_phase.go:31.14,33.4 1 0
bitbucket.org/SlothNinja/confucius/examination_phase.go:35.77,37.4 1 0
bitbucket.org/SlothNinja/confucius/examination_phase.go:37.4,39.4 1 0
bitbucket.org/SlothNinja/confucius/examination_phase.go:44.42,50.2 2 0
bitbucket.org/SlothNinja/confucius/examination_phase.go:52.45,58.2 2 0
bitbucket.org/SlothNinja/confucius/examination_phase.go:64.41,66.2 1 0
bitbucket.org/SlothNinja/confucius/examination_phase.go:68.56,79.51 8 0
bitbucket.org/SlothNinja/confucius/examination_phase.go:79.51,83.3 3 0
bitbucket.org/SlothNinja/confucius/examination_phase.go:83.3,86.23 3 0
bitbucket.org/SlothNinja/confucius/examination_phase.go:98.3,101.70 4 0
bitbucket.org/SlothNinja/confucius/examination_phase.go:86.23,91.4 4 0
bitbucket.org/SlothNinja/confucius/examination_phase.go:91.4,96.4 4 0
bitbucket.org/SlothNinja/confucius/examination_phase.go:112.123,120.19 3 0
bitbucket.org/SlothNinja/confucius/examination_phase.go:125.2,127.10 3 0
bitbucket.org/SlothNinja/confucius/examination_phase.go:120.19,122.3 1 0
bitbucket.org/SlothNinja/confucius/examination_phase.go:122.3,124.3 1 0
bitbucket.org/SlothNinja/confucius/examination_phase.go:130.54,132.17 2 0
bitbucket.org/SlothNinja/confucius/examination_phase.go:144.2,144.113 1 0
bitbucket.org/SlothNinja/confucius/examination_phase.go:132.17,143.3 6 0
bitbucket.org/SlothNinja/confucius/examination_phase.go:159.42,161.2 1 0
bitbucket.org/SlothNinja/confucius/tutor_student.go:15.13,17.2 1 1
bitbucket.org/SlothNinja/confucius/tutor_student.go:19.83,24.16 4 0
bitbucket.org/SlothNinja/confucius/tutor_student.go:28.2,33.28 4 0
bitbucket.org/SlothNinja/confucius/tutor_student.go:24.16,26.3 1 0
bitbucket.org/SlothNinja/confucius/tutor_student.go:36.93,41.20 4 0
bitbucket.org/SlothNinja/confucius/tutor_student.go:60.2,60.62 1 0
bitbucket.org/SlothNinja/confucius/tutor_student.go:41.20,47.10 3 0
bitbucket.org/SlothNinja/confucius/tutor_student.go:55.3,55.44 1 0
bitbucket.org/SlothNinja/confucius/tutor_student.go:48.45,49.46 1 0
bitbucket.org/SlothNinja/confucius/tutor_student.go:50.11,51.51 1 0
bitbucket.org/SlothNinja/confucius/tutor_student.go:55.44,57.4 1 0
bitbucket.org/SlothNinja/confucius/tutor_student.go:70.111,75.19 5 0
bitbucket.org/SlothNinja/confucius/tutor_student.go:80.2,84.10 5 0
bitbucket.org/SlothNinja/confucius/tutor_student.go:75.19,77.3 1 0
bitbucket.org/SlothNinja/confucius/tutor_student.go:77.3,79.3 1 0
bitbucket.org/SlothNinja/confucius/tutor_student.go:87.50,89.34 2 0
bitbucket.org/SlothNinja/confucius/tutor_student.go:103.2,103.79 1 0
bitbucket.org/SlothNinja/confucius/tutor_student.go:90.47,91.13 1 0
bitbucket.org/SlothNinja/confucius/tutor_student.go:98.46,101.69 2 0
bitbucket.org/SlothNinja/confucius/tutor_student.go:91.13,94.4 1 0
bitbucket.org/SlothNinja/confucius/tutor_student.go:94.4,97.4 1 0
bitbucket.org/SlothNinja/confucius/tutor_student.go:106.95,110.64 3 0
bitbucket.org/SlothNinja/confucius/tutor_student.go:114.2,118.9 4 0
bitbucket.org/SlothNinja/confucius/tutor_student.go:128.2,128.8 1 0
bitbucket.org/SlothNinja/confucius/tutor_student.go:110.64,112.3 1 0
bitbucket.org/SlothNinja/confucius/tutor_student.go:119.37,120.58 1 0
bitbucket.org/SlothNinja/confucius/tutor_student.go:121.46,122.76 1 0
bitbucket.org/SlothNinja/confucius/tutor_student.go:123.38,124.94 1 0
bitbucket.org/SlothNinja/confucius/tutor_student.go:125.47,126.67 1 0
bitbucket.org/SlothNinja/confucius/tutor_student.go:131.41,136.19 4 0
bitbucket.org/SlothNinja/confucius/tutor_student.go:140.2,140.24 1 0
bitbucket.org/SlothNinja/confucius/tutor_student.go:144.2,144.28 1 0
bitbucket.org/SlothNinja/confucius/tutor_student.go:148.2,150.39 3 0
bitbucket.org/SlothNinja/confucius/tutor_student.go:167.2,167.18 1 0
bitbucket.org/SlothNinja/confucius/tutor_student.go:170.2,170.21 1 0
bitbucket.org/SlothNinja/confucius/tutor_student.go:136.19,138.3 1 0
bitbucket.org/SlothNinja/confucius/tutor_student.go:140.24,142.3 1 0
bitbucket.org/SlothNinja/confucius/tutor_student.go:144.28,146.3 1 0
bitbucket.org/SlothNinja/confucius/tutor_student.go:150.39,151.96 1 0
bitbucket.org/SlothNinja/confucius/tutor_student.go:151.96,152.19 1 0
bitbucket.org/SlothNinja/confucius/tutor_student.go:153.11,155.23 2 0
bitbucket.org/SlothNinja/confucius/tutor_student.go:156.11,157.12 1 0
bitbucket.org/SlothNinja/confucius/tutor_student.go:158.29,159.35 1 0
bitbucket.org/SlothNinja/confucius/tutor_student.go:160.30,161.25 1 0
bitbucket.org/SlothNinja/confucius/tutor_student.go:167.18,169.3 1 0
bitbucket.org/SlothNinja/confucius/tutor_student.go:173.49,178.42 4 0
bitbucket.org/SlothNinja/confucius/tutor_student.go:181.2,181.46 1 0
bitbucket.org/SlothNinja/confucius/tutor_student.go:178.42,180.3 1 0
bitbucket.org/SlothNinja/confucius/tutor_student.go:184.38,187.2 2 0
bitbucket.org/SlothNinja/confucius/tutor_student.go:189.94,193.52 3 0
bitbucket.org/SlothNinja/confucius/tutor_student.go:197.2,197.56 1 0
bitbucket.org/SlothNinja/confucius/tutor_student.go:202.2,202.8 1 0
bitbucket.org/SlothNinja/confucius/tutor_student.go:193.52,195.3 1 0
bitbucket.org/SlothNinja/confucius/tutor_student.go:197.56,199.3 1 0
bitbucket.org/SlothNinja/confucius/tutor_student.go:199.3,201.3 1 0
bitbucket.org/SlothNinja/confucius/tutor_student.go:205.93,209.105 3 0
bitbucket.org/SlothNinja/confucius/tutor_student.go:214.2,214.23 1 0
bitbucket.org/SlothNinja/confucius/tutor_student.go:217.2,217.8 1 0
bitbucket.org/SlothNinja/confucius/tutor_student.go:209.105,212.3 2 0
bitbucket.org/SlothNinja/confucius/tutor_student.go:214.23,216.3 1 0
bitbucket.org/SlothNinja/confucius/buy_gift.go:14.13,16.2 1 1
bitbucket.org/SlothNinja/confucius/buy_gift.go:18.89,24.16 4 6
bitbucket.org/SlothNinja/confucius/buy_gift.go:29.2,51.8 11 1
bitbucket.org/SlothNinja/confucius/buy_gift.go:24.16,27.3 2 5
bitbucket.org/SlothNinja/confucius/buy_gift.go:60.79,69.2 8 1
bitbucket.org/SlothNinja/confucius/buy_gift.go:71.45,75.2 2 1
bitbucket.org/SlothNinja/confucius/buy_gift.go:77.102,81.56 3 6
bitbucket.org/SlothNinja/confucius/buy_gift.go:85.2,85.59 1 5
bitbucket.org/SlothNinja/confucius/buy_gift.go:89.2,90.59 2 4
bitbucket.org/SlothNinja/confucius/buy_gift.go:94.2,98.9 4 3
bitbucket.org/SlothNinja/confucius/buy_gift.go:104.2,104.8 1 3
bitbucket.org/SlothNinja/confucius/buy_gift.go:81.56,83.3 1 1
bitbucket.org/SlothNinja/confucius/buy_gift.go:85.59,87.3 1 1
bitbucket.org/SlothNinja/confucius/buy_gift.go:90.59,92.3 1 1
bitbucket.org/SlothNinja/confucius/buy_gift.go:99.17,100.70 1 1
bitbucket.org/SlothNinja/confucius/buy_gift.go:101.22,102.123 1 1
bitbucket.org/SlothNinja/confucius/buy_gift.go:107.37,109.2 1 2
bitbucket.org/SlothNinja/confucius/buy_gift.go:111.36,115.2 2 2
bitbucket.org/SlothNinja/confucius/buy_gift.go:117.43,119.36 2 2
bitbucket.org/SlothNinja/confucius/buy_gift.go:124.2,124.8 1 1
bitbucket.org/SlothNinja/confucius/buy_gift.go:119.36,120.32 1 6
bitbucket.org/SlothNinja/confucius/buy_gift.go:120.32,122.4 1 1
bitbucket.org/SlothNinja/confucius/count_gifts_phase.go:12.13,14.2 1 1
bitbucket.org/SlothNinja/confucius/count_gifts_phase.go:25.53,35.37 6 2
bitbucket.org/SlothNinja/confucius/count_gifts_phase.go:52.2,52.30 1 2
bitbucket.org/SlothNinja/confucius/count_gifts_phase.go:35.37,41.57 5 6
bitbucket.org/SlothNinja/confucius/count_gifts_phase.go:42.10,43.52 1 6
bitbucket.org/SlothNinja/confucius/count_gifts_phase.go:44.13,45.52 1 0
bitbucket.org/SlothNinja/confucius/count_gifts_phase.go:46.11,47.52 1 0
bitbucket.org/SlothNinja/confucius/count_gifts_phase.go:60.71,67.2 3 2
bitbucket.org/SlothNinja/confucius/count_gifts_phase.go:69.48,72.33 3 0
bitbucket.org/SlothNinja/confucius/count_gifts_phase.go:76.2,76.25 1 0
bitbucket.org/SlothNinja/confucius/count_gifts_phase.go:72.33,75.3 1 0
bitbucket.org/SlothNinja/confucius/pass.go:14.13,17.2 2 1
bitbucket.org/SlothNinja/confucius/pass.go:19.75,23.55 3 0
bitbucket.org/SlothNinja/confucius/pass.go:27.2,28.45 2 0
bitbucket.org/SlothNinja/confucius/pass.go:32.2,39.28 4 0
bitbucket.org/SlothNinja/confucius/pass.go:23.55,25.3 1 0
bitbucket.org/SlothNinja/confucius/pass.go:28.45,30.3 1 0
bitbucket.org/SlothNinja/confucius/pass.go:42.25,46.2 2 0
bitbucket.org/SlothNinja/confucius/pass.go:52.44,59.2 6 0
bitbucket.org/SlothNinja/confucius/pass.go:61.42,63.2 1 0
bitbucket.org/SlothNinja/confucius/pass.go:65.29,68.2 2 0
bitbucket.org/SlothNinja/confucius/pass.go:74.52,81.2 6 0
bitbucket.org/SlothNinja/confucius/pass.go:83.46,85.2 1 0
bitbucket.org/SlothNinja/confucius/pass.go:87.64,88.83 1 0
bitbucket.org/SlothNinja/confucius/pass.go:91.2,91.8 1 0
bitbucket.org/SlothNinja/confucius/pass.go:88.83,90.3 1 0
bitbucket.org/SlothNinja/confucius/pass.go:94.34,97.2 2 0
bitbucket.org/SlothNinja/confucius/pass.go:99.33,102.2 2 0
bitbucket.org/SlothNinja/confucius/place_student.go:15.13,17.2 1 1
bitbucket.org/SlothNinja/confucius/place_student.go:19.83,24.16 4 0
bitbucket.org/SlothNinja/confucius/place_student.go:28.2,29.21 2 0
bitbucket.org/SlothNinja/confucius/place_student.go:32.2,37.21 4 0
bitbucket.org/SlothNinja/confucius/place_student.go:42.2,43.65 2 0
bitbucket.org/SlothNinja/confucius/place_student.go:49.2,50.21 2 0
bitbucket.org/SlothNinja/confucius/place_student.go:60.2,60.21 1 0
bitbucket.org/SlothNinja/confucius/place_student.go:66.2,78.28 7 0
bitbucket.org/SlothNinja/confucius/place_student.go:24.16,26.3 1 0
bitbucket.org/SlothNinja/confucius/place_student.go:29.21,31.3 1 0
bitbucket.org/SlothNinja/confucius/place_student.go:37.21,39.3 1 0
bitbucket.org/SlothNinja/confucius/place_student.go:39.3,41.3 1 0
bitbucket.org/SlothNinja/confucius/place_student.go:43.65,45.3 1 0
bitbucket.org/SlothNinja/confucius/place_student.go:45.3,47.3 1 0
bitbucket.org/SlothNinja/confucius/place_student.go:50.21,57.3 5 0
bitbucket.org/SlothNinja/confucius/place_student.go:60.21,63.3 2 0
bitbucket.org/SlothNinja/confucius/place_student.go:87.60,94.2 6 0
bitbucket.org/SlothNinja/confucius/place_student.go:96.50,97.30 1 0
bitbucket.org/SlothNinja/confucius/place_student.go:100.2,100.28 1 0
bitbucket.org/SlothNinja/confucius/place_student.go:105.2,106.75 1 0
bitbucket.org/SlothNinja/confucius/place_student.go:97.30,99.3 1 0
bitbucket.org/SlothNinja/confucius/place_student.go:100.28,103.3 1 0
bitbucket.org/SlothNinja/confucius/place_student.go:109.88,110.46 1 0
bitbucket.org/SlothNinja/confucius/place_student.go:113.2,114.16 2 0
bitbucket.org/SlothNinja/confucius/place_student.go:118.2,118.44 1 0
bitbucket.org/SlothNinja/confucius/place_student.go:122.2,122.38 1 0
bitbucket.org/SlothNinja/confucius/place_student.go:126.2,126.48 1 0
bitbucket.org/SlothNinja/confucius/place_student.go:130.2,130.54 1 0
bitbucket.org/SlothNinja/confucius/place_student.go:137.2,137.53 1 0
bitbucket.org/SlothNinja/confucius/place_student.go:141.2,141.18 1 0
bitbucket.org/SlothNinja/confucius/place_student.go:110.46,112.3 1 0
bitbucket.org/SlothNinja/confucius/place_student.go:114.16,116.3 1 0
bitbucket.org/SlothNinja/confucius/place_student.go:118.44,120.3 1 0
bitbucket.org/SlothNinja/confucius/place_student.go:122.38,124.3 1 0
bitbucket.org/SlothNinja/confucius/place_student.go:126.48,128.3 1 0
bitbucket.org/SlothNinja/confucius/place_student.go:130.54,131.24 1 0
bitbucket.org/SlothNinja/confucius/place_student.go:134.3,134.19 1 0
bitbucket.org/SlothNinja/confucius/place_student.go:131.24,133.4 1 0
bitbucket.org/SlothNinja/confucius/place_student.go:137.53,139.3 1 0
bitbucket.org/SlothNinja/confucius/place_student.go:144.42,146.2 1 0
bitbucket.org/SlothNinja/confucius/place_student.go:148.59,150.19 2 0
bitbucket.org/SlothNinja/confucius/place_student.go:164.2,164.55 1 0
bitbucket.org/SlothNinja/confucius/place_student.go:168.2,168.67 1 0
bitbucket.org/SlothNinja/confucius/place_student.go:173.2,174.55 2 0
bitbucket.org/SlothNinja/confucius/place_student.go:178.2,178.49 1 0
bitbucket.org/SlothNinja/confucius/place_student.go:151.23,152.48 1 0
bitbucket.org/SlothNinja/confucius/place_student.go:153.21,154.44 1 0
bitbucket.org/SlothNinja/confucius/place_student.go:155.23,156.48 1 0
bitbucket.org/SlothNinja/confucius/place_student.go:157.51,158.20 1 0
bitbucket.org/SlothNinja/confucius/place_student.go:159.10,160.13 1 0
bitbucket.org/SlothNinja/confucius/place_student.go:164.55,166.3 1 0
bitbucket.org/SlothNinja/confucius/place_student.go:168.67,170.3 1 0
bitbucket.org/SlothNinja/confucius/place_student.go:174.55,176.3 1 0
bitbucket.org/SlothNinja/confucius/place_student.go:182.59,184.23 2 0
bitbucket.org/SlothNinja/confucius/place_student.go:189.2,189.12 1 0
bitbucket.org/SlothNinja/confucius/place_student.go:184.23,185.39 1 0
bitbucket.org/SlothNinja/confucius/place_student.go:185.39,187.4 1 0
bitbucket.org/SlothNinja/confucius/place_student.go:193.54,195.16 2 0
bitbucket.org/SlothNinja/confucius/place_student.go:199.2,200.43 2 0
bitbucket.org/SlothNinja/confucius/place_student.go:205.2,205.14 1 0
bitbucket.org/SlothNinja/confucius/place_student.go:195.16,197.3 1 0
bitbucket.org/SlothNinja/confucius/place_student.go:200.43,201.43 1 0
bitbucket.org/SlothNinja/confucius/place_student.go:201.43,203.4 1 0
bitbucket.org/SlothNinja/confucius/place_student.go:209.71,211.23 2 0
bitbucket.org/SlothNinja/confucius/place_student.go:216.2,216.12 1 0
bitbucket.org/SlothNinja/confucius/place_student.go:211.23,212.51 1 0
bitbucket.org/SlothNinja/confucius/place_student.go:212.51,214.4 1 0
bitbucket.org/SlothNinja/confucius/place_student.go:220.66,222.16 2 0
bitbucket.org/SlothNinja/confucius/place_student.go:226.2,227.43 2 0
bitbucket.org/SlothNinja/confucius/place_student.go:232.2,232.14 1 0
bitbucket.org/SlothNinja/confucius/place_student.go:222.16,224.3 1 0
bitbucket.org/SlothNinja/confucius/place_student.go:227.43,228.100 1 0
bitbucket.org/SlothNinja/confucius/place_student.go:228.100,230.4 1 0
bitbucket.org/SlothNinja/confucius/player_actions.go:10.79,15.46 4 72
bitbucket.org/SlothNinja/confucius/player_actions.go:19.2,19.57 1 71
bitbucket.org/SlothNinja/confucius/player_actions.go:23.2,24.59 2 70
bitbucket.org/SlothNinja/confucius/player_actions.go:34.2,34.8 1 70
bitbucket.org/SlothNinja/confucius/player_actions.go:15.46,17.3 1 1
bitbucket.org/SlothNinja/confucius/player_actions.go:19.57,21.3 1 1
bitbucket.org/SlothNinja/confucius/player_actions.go:25.46,26.85 1 1
bitbucket.org/SlothNinja/confucius/player_actions.go:27.71,28.94 1 1
bitbucket.org/SlothNinja/confucius/player_actions.go:29.43,30.94 1 9
bitbucket.org/SlothNinja/confucius/player_actions.go:31.17,32.74 1 1
bitbucket.org/SlothNinja/confucius/player_actions.go:37.71,39.62 2 71
bitbucket.org/SlothNinja/confucius/player_actions.go:42.2,42.8 1 71
bitbucket.org/SlothNinja/confucius/player_actions.go:39.62,41.3 1 1
bitbucket.org/SlothNinja/confucius/player_actions.go:45.43,48.2 1 68
bitbucket.org/SlothNinja/confucius/temp_transfer.go:14.13,17.2 2 1
bitbucket.org/SlothNinja/confucius/temp_transfer.go:19.83,24.16 4 0
bitbucket.org/SlothNinja/confucius/temp_transfer.go:28.2,35.28 5 0
bitbucket.org/SlothNinja/confucius/temp_transfer.go:24.16,26.3 1 0
bitbucket.org/SlothNinja/confucius/temp_transfer.go:38.81,44.2 4 0
bitbucket.org/SlothNinja/confucius/temp_transfer.go:52.112,58.17 6 0
bitbucket.org/SlothNinja/confucius/temp_transfer.go:61.2,63.10 3 0
bitbucket.org/SlothNinja/confucius/temp_transfer.go:58.17,60.3 1 0
bitbucket.org/SlothNinja/confucius/temp_transfer.go:66.61,67.22 1 0
bitbucket.org/SlothNinja/confucius/temp_transfer.go:71.2,72.73 1 0
bitbucket.org/SlothNinja/confucius/temp_transfer.go:67.22,70.3 1 0
bitbucket.org/SlothNinja/confucius/temp_transfer.go:81.120,87.17 6 0
bitbucket.org/SlothNinja/confucius/temp_transfer.go:90.2,92.10 3 0
bitbucket.org/SlothNinja/confucius/temp_transfer.go:87.17,89.3 1 0
bitbucket.org/SlothNinja/confucius/temp_transfer.go:95.65,96.22 1 0
bitbucket.org/SlothNinja/confucius/temp_transfer.go:100.2,101.73 1 0
bitbucket.org/SlothNinja/confucius/temp_transfer.go:96.22,99.3 1 0
bitbucket.org/SlothNinja/confucius/temp_transfer.go:104.75,106.16 2 0
bitbucket.org/SlothNinja/confucius/temp_transfer.go:110.2,113.9 3 0
bitbucket.org/SlothNinja/confucius/temp_transfer.go:124.2,124.15 1 0
bitbucket.org/SlothNinja/confucius/temp_transfer.go:106.16,108.3 1 0
bitbucket.org/SlothNinja/confucius/temp_transfer.go:114.16,115.66 1 0
bitbucket.org/SlothNinja/confucius/temp_transfer.go:116.46,117.76 1 0
bitbucket.org/SlothNinja/confucius/temp_transfer.go:118.78,119.96 1 0
bitbucket.org/SlothNinja/confucius/temp_transfer.go:120.36,122.23 1 0
bitbucket.org/SlothNinja/confucius/temp_transfer.go:127.42,129.2 1 0
bitbucket.org/SlothNinja/confucius/temp_transfer.go:131.40,133.14 2 0
bitbucket.org/SlothNinja/confucius/temp_transfer.go:136.2,140.39 3 0
bitbucket.org/SlothNinja/confucius/temp_transfer.go:153.2,153.17 1 0
bitbucket.org/SlothNinja/confucius/temp_transfer.go:158.2,158.32 1 0
bitbucket.org/SlothNinja/confucius/temp_transfer.go:164.2,164.11 1 0
bitbucket.org/SlothNinja/confucius/temp_transfer.go:133.14,135.3 1 0
bitbucket.org/SlothNinja/confucius/temp_transfer.go:140.39,142.32 2 0
bitbucket.org/SlothNinja/confucius/temp_transfer.go:142.32,143.11 1 0
bitbucket.org/SlothNinja/confucius/temp_transfer.go:144.33,145.28 1 0
bitbucket.org/SlothNinja/confucius/temp_transfer.go:146.32,148.27 2 0
bitbucket.org/SlothNinja/confucius/temp_transfer.go:153.17,155.3 1 0
bitbucket.org/SlothNinja/confucius/temp_transfer.go:158.32,160.65 2 0
bitbucket.org/SlothNinja/confucius/temp_transfer.go:160.65,162.4 1 0
bitbucket.org/SlothNinja/confucius/temp_transfer.go:167.68,174.32 4 0
bitbucket.org/SlothNinja/confucius/temp_transfer.go:179.2,179.21 1 0
bitbucket.org/SlothNinja/confucius/temp_transfer.go:174.32,175.30 1 0
bitbucket.org/SlothNinja/confucius/temp_transfer.go:175.30,177.4 1 0
bitbucket.org/SlothNinja/confucius/action_space.go:44.37,46.2 1 0
bitbucket.org/SlothNinja/confucius/action_space.go:48.31,50.2 1 0
bitbucket.org/SlothNinja/confucius/action_space.go:52.40,54.2 1 0
bitbucket.org/SlothNinja/confucius/action_space.go:56.53,58.2 1 0
bitbucket.org/SlothNinja/confucius/action_space.go:60.54,64.2 3 13
bitbucket.org/SlothNinja/confucius/action_space.go:66.51,67.45 1 150
bitbucket.org/SlothNinja/confucius/action_space.go:84.2,84.10 1 8
bitbucket.org/SlothNinja/confucius/action_space.go:68.20,69.11 1 60
bitbucket.org/SlothNinja/confucius/action_space.go:70.33,71.10 1 82
bitbucket.org/SlothNinja/confucius/action_space.go:81.40,82.11 1 0
bitbucket.org/SlothNinja/confucius/action_space.go:72.29,73.12 1 0
bitbucket.org/SlothNinja/confucius/action_space.go:74.28,75.12 1 0
bitbucket.org/SlothNinja/confucius/action_space.go:76.59,77.12 1 0
bitbucket.org/SlothNinja/confucius/action_space.go:78.11,79.12 1 82
bitbucket.org/SlothNinja/confucius/action_space.go:87.53,89.2 1 79
bitbucket.org/SlothNinja/confucius/action_space.go:91.37,93.2 1 2
bitbucket.org/SlothNinja/confucius/distant_land.go:11.13,13.2 1 1
bitbucket.org/SlothNinja/confucius/distant_land.go:19.42,21.2 1 0
bitbucket.org/SlothNinja/confucius/distant_land.go:37.43,39.2 1 0
bitbucket.org/SlothNinja/confucius/distant_land.go:49.43,51.2 1 625
bitbucket.org/SlothNinja/confucius/distant_land.go:53.40,55.2 1 0
bitbucket.org/SlothNinja/confucius/distant_land.go:57.54,58.36 1 0
bitbucket.org/SlothNinja/confucius/distant_land.go:64.2,64.8 1 0
bitbucket.org/SlothNinja/confucius/distant_land.go:58.36,60.20 2 0
bitbucket.org/SlothNinja/confucius/distant_land.go:60.20,62.4 1 0
bitbucket.org/SlothNinja/confucius/distant_land.go:67.54,68.9 1 0
bitbucket.org/SlothNinja/confucius/distant_land.go:69.25,70.23 1 0
bitbucket.org/SlothNinja/confucius/distant_land.go:71.10,73.34 2 0
bitbucket.org/SlothNinja/confucius/distant_land.go:76.3,76.23 1 0
bitbucket.org/SlothNinja/confucius/distant_land.go:73.34,75.4 1 0
bitbucket.org/SlothNinja/confucius/distant_land.go:80.50,81.35 1 0
bitbucket.org/SlothNinja/confucius/distant_land.go:86.2,86.14 1 0
bitbucket.org/SlothNinja/confucius/distant_land.go:81.35,82.30 1 0
bitbucket.org/SlothNinja/confucius/distant_land.go:82.30,84.4 1 0
bitbucket.org/SlothNinja/confucius/distant_land.go:91.40,95.36 3 1
bitbucket.org/SlothNinja/confucius/distant_land.go:95.36,99.3 3 5
bitbucket.org/SlothNinja/confucius/distant_land.go:102.61,105.2 2 5
bitbucket.org/SlothNinja/confucius/distant_land.go:107.85,112.2 4 5
bitbucket.org/SlothNinja/confucius/distant_land.go:114.42,116.2 1 0
bitbucket.org/SlothNinja/confucius/distant_land.go:118.52,119.15 1 0
bitbucket.org/SlothNinja/confucius/distant_land.go:122.2,122.82 1 0
bitbucket.org/SlothNinja/confucius/distant_land.go:119.15,121.3 1 0
bitbucket.org/SlothNinja/confucius/finish_turn.go:17.44,18.30 1 0
bitbucket.org/SlothNinja/confucius/finish_turn.go:18.30,33.18 8 0
bitbucket.org/SlothNinja/confucius/finish_turn.go:52.3,52.17 1 0
bitbucket.org/SlothNinja/confucius/finish_turn.go:58.3,58.16 1 0
bitbucket.org/SlothNinja/confucius/finish_turn.go:72.3,72.17 1 0
bitbucket.org/SlothNinja/confucius/finish_turn.go:76.3,76.9 1 0
bitbucket.org/SlothNinja/confucius/finish_turn.go:34.16,35.42 1 0
bitbucket.org/SlothNinja/confucius/finish_turn.go:36.23,37.48 1 0
bitbucket.org/SlothNinja/confucius/finish_turn.go:38.28,39.54 1 0
bitbucket.org/SlothNinja/confucius/finish_turn.go:40.16,41.46 1 0
bitbucket.org/SlothNinja/confucius/finish_turn.go:42.28,43.48 1 0
bitbucket.org/SlothNinja/confucius/finish_turn.go:44.30,45.55 1 0
bitbucket.org/SlothNinja/confucius/finish_turn.go:46.27,47.52 1 0
bitbucket.org/SlothNinja/confucius/finish_turn.go:48.11,49.60 1 0
bitbucket.org/SlothNinja/confucius/finish_turn.go:52.17,55.4 2 0
bitbucket.org/SlothNinja/confucius/finish_turn.go:58.16,61.92 3 0
bitbucket.org/SlothNinja/confucius/finish_turn.go:61.92,63.5 1 0
bitbucket.org/SlothNinja/confucius/finish_turn.go:64.4,65.79 1 0
bitbucket.org/SlothNinja/confucius/finish_turn.go:65.79,66.77 1 0
bitbucket.org/SlothNinja/confucius/finish_turn.go:66.77,68.6 1 0
bitbucket.org/SlothNinja/confucius/finish_turn.go:72.17,74.4 1 0
bitbucket.org/SlothNinja/confucius/finish_turn.go:163.84,169.33 4 3
bitbucket.org/SlothNinja/confucius/finish_turn.go:175.2,175.8 1 3
bitbucket.org/SlothNinja/confucius/finish_turn.go:170.46,171.67 1 1
bitbucket.org/SlothNinja/confucius/finish_turn.go:172.27,173.68 1 1
bitbucket.org/SlothNinja/confucius/finish_turn.go:180.50,182.18 2 63
bitbucket.org/SlothNinja/confucius/finish_turn.go:185.2,185.36 1 63
bitbucket.org/SlothNinja/confucius/finish_turn.go:182.18,184.3 1 1
bitbucket.org/SlothNinja/confucius/finish_turn.go:188.37,190.2 1 0
bitbucket.org/SlothNinja/confucius/finish_turn.go:192.88,193.52 1 0
bitbucket.org/SlothNinja/confucius/finish_turn.go:197.2,207.46 6 0
bitbucket.org/SlothNinja/confucius/finish_turn.go:212.2,212.8 1 0
bitbucket.org/SlothNinja/confucius/finish_turn.go:193.52,195.3 1 0
bitbucket.org/SlothNinja/confucius/finish_turn.go:207.46,209.3 1 0
bitbucket.org/SlothNinja/confucius/finish_turn.go:209.3,211.3 1 0
bitbucket.org/SlothNinja/confucius/finish_turn.go:215.66,218.22 3 0
bitbucket.org/SlothNinja/confucius/finish_turn.go:231.2,231.12 1 0
bitbucket.org/SlothNinja/confucius/finish_turn.go:218.22,219.15 1 0
bitbucket.org/SlothNinja/confucius/finish_turn.go:219.15,221.4 1 0
bitbucket.org/SlothNinja/confucius/finish_turn.go:221.4,223.23 2 0
bitbucket.org/SlothNinja/confucius/finish_turn.go:223.23,226.5 2 0
bitbucket.org/SlothNinja/confucius/finish_turn.go:226.5,228.5 1 0
bitbucket.org/SlothNinja/confucius/finish_turn.go:234.111,238.52 3 0
bitbucket.org/SlothNinja/confucius/finish_turn.go:242.2,250.53 6 0
bitbucket.org/SlothNinja/confucius/finish_turn.go:256.2,256.8 1 0
bitbucket.org/SlothNinja/confucius/finish_turn.go:238.52,240.3 1 0
bitbucket.org/SlothNinja/confucius/finish_turn.go:250.53,251.68 1 0
bitbucket.org/SlothNinja/confucius/finish_turn.go:251.68,254.4 2 0
bitbucket.org/SlothNinja/confucius/finish_turn.go:259.100,263.52 3 0
bitbucket.org/SlothNinja/confucius/finish_turn.go:267.2,267.37 1 0
bitbucket.org/SlothNinja/confucius/finish_turn.go:270.2,272.8 3 0
bitbucket.org/SlothNinja/confucius/finish_turn.go:263.52,265.3 1 0
bitbucket.org/SlothNinja/confucius/finish_turn.go:267.37,269.3 1 0
bitbucket.org/SlothNinja/confucius/finish_turn.go:275.118,279.52 3 0
bitbucket.org/SlothNinja/confucius/finish_turn.go:284.2,284.27 1 0
bitbucket.org/SlothNinja/confucius/finish_turn.go:288.2,289.45 2 0
bitbucket.org/SlothNinja/confucius/finish_turn.go:295.2,296.67 2 0
bitbucket.org/SlothNinja/confucius/finish_turn.go:300.2,300.8 1 0
bitbucket.org/SlothNinja/confucius/finish_turn.go:279.52,281.3 1 0
bitbucket.org/SlothNinja/confucius/finish_turn.go:284.27,286.3 1 0
bitbucket.org/SlothNinja/confucius/finish_turn.go:289.45,291.27 2 0
bitbucket.org/SlothNinja/confucius/finish_turn.go:291.27,292.9 1 0
bitbucket.org/SlothNinja/confucius/finish_turn.go:296.67,299.3 2 0
bitbucket.org/SlothNinja/confucius/game.go:19.44,23.2 3 0
bitbucket.org/SlothNinja/confucius/game.go:29.46,31.2 1 1013
bitbucket.org/SlothNinja/confucius/game.go:69.40,70.37 1 3
bitbucket.org/SlothNinja/confucius/game.go:73.2,73.12 1 0
bitbucket.org/SlothNinja/confucius/game.go:70.37,72.3 1 3
bitbucket.org/SlothNinja/confucius/game.go:76.44,77.9 1 1
bitbucket.org/SlothNinja/confucius/game.go:78.16,79.33 1 0
bitbucket.org/SlothNinja/confucius/game.go:80.10,81.29 1 1
bitbucket.org/SlothNinja/confucius/game.go:85.34,86.31 1 0
bitbucket.org/SlothNinja/confucius/game.go:89.2,89.12 1 0
bitbucket.org/SlothNinja/confucius/game.go:86.31,88.3 1 0
bitbucket.org/SlothNinja/confucius/game.go:92.38,93.9 1 0
bitbucket.org/SlothNinja/confucius/game.go:94.16,95.27 1 0
bitbucket.org/SlothNinja/confucius/game.go:96.10,97.23 1 0
bitbucket.org/SlothNinja/confucius/game.go:101.34,102.31 1 0
bitbucket.org/SlothNinja/confucius/game.go:105.2,105.12 1 0
bitbucket.org/SlothNinja/confucius/game.go:102.31,104.3 1 0
bitbucket.org/SlothNinja/confucius/game.go:108.38,109.9 1 0
bitbucket.org/SlothNinja/confucius/game.go:110.16,111.27 1 0
bitbucket.org/SlothNinja/confucius/game.go:112.10,113.23 1 0
bitbucket.org/SlothNinja/confucius/game.go:117.34,118.31 1 0
bitbucket.org/SlothNinja/confucius/game.go:121.2,121.12 1 0
bitbucket.org/SlothNinja/confucius/game.go:118.31,120.3 1 0
bitbucket.org/SlothNinja/confucius/game.go:124.38,125.9 1 1
bitbucket.org/SlothNinja/confucius/game.go:126.16,127.27 1 0
bitbucket.org/SlothNinja/confucius/game.go:128.10,129.23 1 1
bitbucket.org/SlothNinja/confucius/game.go:133.43,134.27 1 0
bitbucket.org/SlothNinja/confucius/game.go:137.2,137.12 1 0
bitbucket.org/SlothNinja/confucius/game.go:134.27,136.3 1 0
bitbucket.org/SlothNinja/confucius/game.go:140.52,142.2 1 0
bitbucket.org/SlothNinja/confucius/game.go:144.40,145.25 1 0
bitbucket.org/SlothNinja/confucius/game.go:150.2,150.57 1 0
bitbucket.org/SlothNinja/confucius/game.go:145.25,146.14 1 0
bitbucket.org/SlothNinja/confucius/game.go:146.14,148.4 1 0
bitbucket.org/SlothNinja/confucius/game.go:153.40,155.33 2 0
bitbucket.org/SlothNinja/confucius/game.go:158.2,158.14 1 0
bitbucket.org/SlothNinja/confucius/game.go:155.33,157.3 1 0
bitbucket.org/SlothNinja/confucius/game.go:163.38,165.2 1 0
bitbucket.org/SlothNinja/confucius/game.go:167.49,177.28 8 1
bitbucket.org/SlothNinja/confucius/game.go:181.2,204.12 10 1
bitbucket.org/SlothNinja/confucius/game.go:177.28,179.3 1 3
bitbucket.org/SlothNinja/confucius/game.go:207.43,210.2 2 3
bitbucket.org/SlothNinja/confucius/game.go:212.40,214.2 1 0
bitbucket.org/SlothNinja/confucius/game.go:216.43,221.2 4 1
bitbucket.org/SlothNinja/confucius/game.go:223.34,225.35 2 215
bitbucket.org/SlothNinja/confucius/game.go:232.2,232.12 1 1
bitbucket.org/SlothNinja/confucius/game.go:225.35,227.24 2 214
bitbucket.org/SlothNinja/confucius/game.go:230.3,230.17 1 214
bitbucket.org/SlothNinja/confucius/game.go:227.24,229.4 1 639
bitbucket.org/SlothNinja/confucius/game.go:235.44,236.40 1 0
bitbucket.org/SlothNinja/confucius/game.go:236.40,238.29 2 0
bitbucket.org/SlothNinja/confucius/game.go:241.3,241.19 1 0
bitbucket.org/SlothNinja/confucius/game.go:238.29,240.4 1 0
bitbucket.org/SlothNinja/confucius/game.go:245.50,250.2 3 1
bitbucket.org/SlothNinja/confucius/game.go:252.54,254.2 1 76
bitbucket.org/SlothNinja/confucius/game.go:256.80,259.44 2 0
bitbucket.org/SlothNinja/confucius/game.go:262.2,263.28 2 0
bitbucket.org/SlothNinja/confucius/game.go:259.44,261.3 1 0
bitbucket.org/SlothNinja/confucius/game.go:266.40,267.40 1 446
bitbucket.org/SlothNinja/confucius/game.go:270.2,270.12 1 0
bitbucket.org/SlothNinja/confucius/game.go:267.40,269.3 1 446
bitbucket.org/SlothNinja/confucius/game.go:273.43,274.39 1 25
bitbucket.org/SlothNinja/confucius/game.go:277.2,277.12 1 0
bitbucket.org/SlothNinja/confucius/game.go:274.39,276.3 1 25
bitbucket.org/SlothNinja/confucius/game.go:280.48,281.46 1 0
bitbucket.org/SlothNinja/confucius/game.go:284.2,284.12 1 0
bitbucket.org/SlothNinja/confucius/game.go:281.46,283.3 1 0
bitbucket.org/SlothNinja/confucius/game.go:287.49,288.43 1 0
bitbucket.org/SlothNinja/confucius/game.go:288.43,290.3 1 0
bitbucket.org/SlothNinja/confucius/game.go:290.3,292.3 1 0
bitbucket.org/SlothNinja/confucius/game.go:295.49,296.45 1 0
bitbucket.org/SlothNinja/confucius/game.go:299.2,299.12 1 0
bitbucket.org/SlothNinja/confucius/game.go:296.45,298.3 1 0
bitbucket.org/SlothNinja/confucius/game.go:302.39,303.25 1 30
bitbucket.org/SlothNinja/confucius/game.go:307.2,307.25 1 30
bitbucket.org/SlothNinja/confucius/game.go:303.25,306.3 2 0
bitbucket.org/SlothNinja/confucius/game.go:310.37,312.2 1 0
bitbucket.org/SlothNinja/confucius/game.go:316.39,324.37 7 0
bitbucket.org/SlothNinja/confucius/game.go:330.2,330.11 1 0
bitbucket.org/SlothNinja/confucius/game.go:324.37,326.45 2 0
bitbucket.org/SlothNinja/confucius/game.go:326.45,328.4 1 0
bitbucket.org/SlothNinja/confucius/game.go:333.37,334.17 1 0
bitbucket.org/SlothNinja/confucius/game.go:339.2,339.22 1 0
bitbucket.org/SlothNinja/confucius/game.go:344.2,344.8 1 0
bitbucket.org/SlothNinja/confucius/game.go:334.17,336.3 1 0
bitbucket.org/SlothNinja/confucius/game.go:336.3,338.3 1 0
bitbucket.org/SlothNinja/confucius/game.go:339.22,341.3 1 0
bitbucket.org/SlothNinja/confucius/game.go:341.3,343.3 1 0
bitbucket.org/SlothNinja/confucius/ministry.go:9.13,11.2 1 1
bitbucket.org/SlothNinja/confucius/ministry.go:38.42,40.2 1 0
bitbucket.org/SlothNinja/confucius/ministry.go:42.55,43.23 1 0
bitbucket.org/SlothNinja/confucius/ministry.go:48.2,48.14 1 0
bitbucket.org/SlothNinja/confucius/ministry.go:43.23,44.26 1 0
bitbucket.org/SlothNinja/confucius/ministry.go:44.26,46.4 1 0
bitbucket.org/SlothNinja/confucius/ministry.go:51.33,53.2 1 0
bitbucket.org/SlothNinja/confucius/ministry.go:55.40,57.2 1 375
bitbucket.org/SlothNinja/confucius/ministry.go:59.34,61.2 1 3
bitbucket.org/SlothNinja/confucius/ministry.go:79.39,80.32 1 0
bitbucket.org/SlothNinja/confucius/ministry.go:83.2,83.12 1 0
bitbucket.org/SlothNinja/confucius/ministry.go:80.32,82.3 1 0
bitbucket.org/SlothNinja/confucius/ministry.go:86.48,87.9 1 0
bitbucket.org/SlothNinja/confucius/ministry.go:88.21,89.28 1 0
bitbucket.org/SlothNinja/confucius/ministry.go:90.10,91.29 1 0
bitbucket.org/SlothNinja/confucius/ministry.go:95.40,96.33 1 0
bitbucket.org/SlothNinja/confucius/ministry.go:99.2,99.12 1 0
bitbucket.org/SlothNinja/confucius/ministry.go:96.33,98.3 1 0
bitbucket.org/SlothNinja/confucius/ministry.go:102.49,103.9 1 0
bitbucket.org/SlothNinja/confucius/ministry.go:104.21,105.29 1 0
bitbucket.org/SlothNinja/confucius/ministry.go:106.10,107.30 1 0
bitbucket.org/SlothNinja/confucius/ministry.go:111.37,113.39 2 375
bitbucket.org/SlothNinja/confucius/ministry.go:113.39,116.3 2 1125
bitbucket.org/SlothNinja/confucius/ministry.go:121.36,123.2 1 0
bitbucket.org/SlothNinja/confucius/ministry.go:127.35,129.33 2 1
bitbucket.org/SlothNinja/confucius/ministry.go:129.33,131.3 1 3
bitbucket.org/SlothNinja/confucius/ministry.go:134.56,143.19 7 3
bitbucket.org/SlothNinja/confucius/ministry.go:143.19,146.3 2 2
bitbucket.org/SlothNinja/confucius/ministry.go:146.3,149.3 2 1
bitbucket.org/SlothNinja/confucius/ministry.go:155.57,156.23 1 0
bitbucket.org/SlothNinja/confucius/ministry.go:161.2,161.14 1 0
bitbucket.org/SlothNinja/confucius/ministry.go:156.23,157.21 1 0
bitbucket.org/SlothNinja/confucius/ministry.go:157.21,159.4 1 0
bitbucket.org/SlothNinja/confucius/ministry.go:164.42,166.2 1 0
bitbucket.org/SlothNinja/confucius/ministry.go:168.52,170.2 1 0
bitbucket.org/SlothNinja/confucius/ministry.go:185.37,187.2 1 0
bitbucket.org/SlothNinja/confucius/ministry.go:189.38,191.2 1 0
bitbucket.org/SlothNinja/confucius/ministry.go:193.41,194.30 1 0
bitbucket.org/SlothNinja/confucius/ministry.go:197.2,197.12 1 0
bitbucket.org/SlothNinja/confucius/ministry.go:194.30,196.3 1 0
bitbucket.org/SlothNinja/confucius/ministry.go:200.50,201.9 1 1
bitbucket.org/SlothNinja/confucius/ministry.go:202.21,203.26 1 0
bitbucket.org/SlothNinja/confucius/ministry.go:204.10,205.27 1 1
bitbucket.org/SlothNinja/confucius/ministry.go:209.47,211.2 1 3
bitbucket.org/SlothNinja/confucius/ministry.go:213.38,215.2 1 3
bitbucket.org/SlothNinja/confucius/ministry.go:217.41,219.2 1 4
bitbucket.org/SlothNinja/confucius/ministry.go:221.45,222.28 1 0
bitbucket.org/SlothNinja/confucius/ministry.go:225.2,225.12 1 0
bitbucket.org/SlothNinja/confucius/ministry.go:222.28,224.3 1 0
bitbucket.org/SlothNinja/confucius/ministry.go:228.54,229.9 1 0
bitbucket.org/SlothNinja/confucius/ministry.go:230.21,231.24 1 0
bitbucket.org/SlothNinja/confucius/ministry.go:232.10,233.25 1 0
bitbucket.org/SlothNinja/confucius/ministry.go:246.40,251.2 4 0
bitbucket.org/SlothNinja/confucius/ministry.go:253.44,257.2 3 0
bitbucket.org/SlothNinja/confucius/ministry.go:259.47,260.35 1 0
bitbucket.org/SlothNinja/confucius/ministry.go:263.2,263.12 1 0
bitbucket.org/SlothNinja/confucius/ministry.go:260.35,262.3 1 0
bitbucket.org/SlothNinja/confucius/ministry.go:266.56,267.9 1 0
bitbucket.org/SlothNinja/confucius/ministry.go:268.21,269.31 1 0
bitbucket.org/SlothNinja/confucius/ministry.go:270.10,271.32 1 0
bitbucket.org/SlothNinja/confucius/ministry.go:275.46,277.2 1 0
bitbucket.org/SlothNinja/confucius/ministry.go:279.45,281.2 1 0
bitbucket.org/SlothNinja/confucius/ministry.go:283.50,285.2 1 0
bitbucket.org/SlothNinja/confucius/ministry.go:287.41,288.53 1 0
bitbucket.org/SlothNinja/confucius/ministry.go:293.2,293.14 1 0
bitbucket.org/SlothNinja/confucius/ministry.go:288.53,289.25 1 0
bitbucket.org/SlothNinja/confucius/ministry.go:289.25,291.4 1 0
bitbucket.org/SlothNinja/confucius/ministry.go:296.47,300.2 3 10
bitbucket.org/SlothNinja/confucius/ministry.go:302.64,310.2 6 10
bitbucket.org/SlothNinja/confucius/ministry.go:312.46,314.33 2 0
bitbucket.org/SlothNinja/confucius/ministry.go:319.2,319.14 1 0
bitbucket.org/SlothNinja/confucius/ministry.go:314.33,315.40 1 0
bitbucket.org/SlothNinja/confucius/ministry.go:315.40,317.4 1 0
bitbucket.org/SlothNinja/confucius/ministry.go:322.35,325.25 3 1
bitbucket.org/SlothNinja/confucius/ministry.go:339.2,339.22 1 1
bitbucket.org/SlothNinja/confucius/ministry.go:325.25,338.3 7 3
bitbucket.org/SlothNinja/confucius/ministry.go:360.41,363.2 1 0
bitbucket.org/SlothNinja/confucius/ministry.go:365.45,367.2 1 0
bitbucket.org/SlothNinja/confucius/ministry.go:369.39,371.60 2 1
bitbucket.org/SlothNinja/confucius/ministry.go:374.2,374.68 1 1
bitbucket.org/SlothNinja/confucius/ministry.go:377.2,377.75 1 1
bitbucket.org/SlothNinja/confucius/ministry.go:380.2,380.75 1 1
bitbucket.org/SlothNinja/confucius/ministry.go:383.2,383.68 1 1
bitbucket.org/SlothNinja/confucius/ministry.go:386.2,386.60 1 1
bitbucket.org/SlothNinja/confucius/ministry.go:389.2,389.13 1 1
bitbucket.org/SlothNinja/confucius/ministry.go:371.60,373.3 1 3
bitbucket.org/SlothNinja/confucius/ministry.go:374.68,376.3 1 4
bitbucket.org/SlothNinja/confucius/ministry.go:377.75,379.3 1 5
bitbucket.org/SlothNinja/confucius/ministry.go:380.75,382.3 1 5
bitbucket.org/SlothNinja/confucius/ministry.go:383.68,385.3 1 4
bitbucket.org/SlothNinja/confucius/ministry.go:386.60,388.3 1 3
bitbucket.org/SlothNinja/confucius/ministry.go:392.35,403.25 2 1
bitbucket.org/SlothNinja/confucius/ministry.go:403.25,406.3 2 3
bitbucket.org/SlothNinja/confucius/ministry.go:409.38,411.39 2 0
bitbucket.org/SlothNinja/confucius/ministry.go:416.2,416.14 1 0
bitbucket.org/SlothNinja/confucius/ministry.go:411.39,412.24 1 0
bitbucket.org/SlothNinja/confucius/ministry.go:412.24,414.4 1 0
bitbucket.org/SlothNinja/confucius/petition_emperor.go:14.13,20.2 5 1
bitbucket.org/SlothNinja/confucius/petition_emperor.go:22.45,26.2 3 0
bitbucket.org/SlothNinja/confucius/petition_emperor.go:28.41,29.37 1 0
bitbucket.org/SlothNinja/confucius/petition_emperor.go:34.2,34.14 1 0
bitbucket.org/SlothNinja/confucius/petition_emperor.go:29.37,30.21 1 0
bitbucket.org/SlothNinja/confucius/petition_emperor.go:30.21,32.4 1 0
bitbucket.org/SlothNinja/confucius/petition_emperor.go:37.56,42.2 1 0
bitbucket.org/SlothNinja/confucius/petition_emperor.go:44.60,45.17 1 0
bitbucket.org/SlothNinja/confucius/petition_emperor.go:65.2,65.16 1 0
bitbucket.org/SlothNinja/confucius/petition_emperor.go:46.12,49.45 1 0
bitbucket.org/SlothNinja/confucius/petition_emperor.go:50.12,53.91 1 0
bitbucket.org/SlothNinja/confucius/petition_emperor.go:54.12,57.98 1 0
bitbucket.org/SlothNinja/confucius/petition_emperor.go:58.16,60.153 1 0
bitbucket.org/SlothNinja/confucius/petition_emperor.go:61.12,63.118 1 0
bitbucket.org/SlothNinja/confucius/petition_emperor.go:68.80,73.16 4 0
bitbucket.org/SlothNinja/confucius/petition_emperor.go:78.2,94.28 9 0
bitbucket.org/SlothNinja/confucius/petition_emperor.go:73.16,75.3 1 0
bitbucket.org/SlothNinja/confucius/petition_emperor.go:104.75,114.2 9 0
bitbucket.org/SlothNinja/confucius/petition_emperor.go:116.47,121.2 3 0
bitbucket.org/SlothNinja/confucius/petition_emperor.go:123.91,125.16 2 0
bitbucket.org/SlothNinja/confucius/petition_emperor.go:129.2,135.9 5 0
bitbucket.org/SlothNinja/confucius/petition_emperor.go:149.2,149.44 1 0
bitbucket.org/SlothNinja/confucius/petition_emperor.go:125.16,127.3 1 0
bitbucket.org/SlothNinja/confucius/petition_emperor.go:136.19,137.92 1 0
bitbucket.org/SlothNinja/confucius/petition_emperor.go:138.37,139.114 1 0
bitbucket.org/SlothNinja/confucius/petition_emperor.go:140.25,141.92 1 0
bitbucket.org/SlothNinja/confucius/petition_emperor.go:142.23,143.90 1 0
bitbucket.org/SlothNinja/confucius/petition_emperor.go:144.30,145.85 1 0
bitbucket.org/SlothNinja/confucius/petition_emperor.go:146.29,147.45 1 0
bitbucket.org/SlothNinja/confucius/petition_emperor.go:152.85,157.16 4 0
bitbucket.org/SlothNinja/confucius/petition_emperor.go:162.2,167.70 4 0
bitbucket.org/SlothNinja/confucius/petition_emperor.go:174.2,182.28 5 0
bitbucket.org/SlothNinja/confucius/petition_emperor.go:157.16,159.3 1 0
bitbucket.org/SlothNinja/confucius/petition_emperor.go:167.70,169.3 1 0
bitbucket.org/SlothNinja/confucius/petition_emperor.go:169.3,171.3 1 0
bitbucket.org/SlothNinja/confucius/petition_emperor.go:189.71,195.2 5 0
bitbucket.org/SlothNinja/confucius/petition_emperor.go:197.52,200.2 1 0
bitbucket.org/SlothNinja/confucius/petition_emperor.go:202.82,207.16 4 0
bitbucket.org/SlothNinja/confucius/petition_emperor.go:211.2,215.9 4 0
bitbucket.org/SlothNinja/confucius/petition_emperor.go:231.2,231.73 1 0
bitbucket.org/SlothNinja/confucius/petition_emperor.go:207.16,209.3 1 0
bitbucket.org/SlothNinja/confucius/petition_emperor.go:216.16,217.60 1 0
bitbucket.org/SlothNinja/confucius/petition_emperor.go:218.19,219.84 1 0
bitbucket.org/SlothNinja/confucius/petition_emperor.go:220.19,221.80 1 0
bitbucket.org/SlothNinja/confucius/petition_emperor.go:222.75,223.65 1 0
bitbucket.org/SlothNinja/confucius/petition_emperor.go:224.37,225.106 1 0
bitbucket.org/SlothNinja/confucius/petition_emperor.go:226.39,227.21 1 0
bitbucket.org/SlothNinja/confucius/petition_emperor.go:228.44,229.21 1 0
bitbucket.org/SlothNinja/confucius/petition_emperor.go:234.84,239.16 4 0
bitbucket.org/SlothNinja/confucius/petition_emperor.go:244.2,259.28 9 0
bitbucket.org/SlothNinja/confucius/petition_emperor.go:239.16,241.3 1 0
bitbucket.org/SlothNinja/confucius/petition_emperor.go:270.100,281.2 10 0
bitbucket.org/SlothNinja/confucius/petition_emperor.go:283.51,286.2 1 0
bitbucket.org/SlothNinja/confucius/petition_emperor.go:288.124,293.16 4 0
bitbucket.org/SlothNinja/confucius/petition_emperor.go:297.2,298.16 2 0
bitbucket.org/SlothNinja/confucius/petition_emperor.go:302.2,303.16 2 0
bitbucket.org/SlothNinja/confucius/petition_emperor.go:307.2,308.9 2 0
bitbucket.org/SlothNinja/confucius/petition_emperor.go:324.2,324.63 1 0
bitbucket.org/SlothNinja/confucius/petition_emperor.go:293.16,295.3 1 0
bitbucket.org/SlothNinja/confucius/petition_emperor.go:298.16,300.3 1 0
bitbucket.org/SlothNinja/confucius/petition_emperor.go:303.16,305.3 1 0
bitbucket.org/SlothNinja/confucius/petition_emperor.go:309.19,310.99 1 0
bitbucket.org/SlothNinja/confucius/petition_emperor.go:311.48,312.99 1 0
bitbucket.org/SlothNinja/confucius/petition_emperor.go:313.37,314.121 1 0
bitbucket.org/SlothNinja/confucius/petition_emperor.go:315.74,316.90 1 0
bitbucket.org/SlothNinja/confucius/petition_emperor.go:317.29,318.91 1 0
bitbucket.org/SlothNinja/confucius/petition_emperor.go:319.39,320.98 1 0
bitbucket.org/SlothNinja/confucius/petition_emperor.go:321.49,322.116 1 0
bitbucket.org/SlothNinja/confucius/petition_emperor.go:327.83,332.16 4 0
bitbucket.org/SlothNinja/confucius/petition_emperor.go:337.2,353.28 9 0
bitbucket.org/SlothNinja/confucius/petition_emperor.go:332.16,334.3 1 0
bitbucket.org/SlothNinja/confucius/petition_emperor.go:364.90,375.2 10 0
bitbucket.org/SlothNinja/confucius/petition_emperor.go:377.50,379.2 1 0
bitbucket.org/SlothNinja/confucius/petition_emperor.go:381.105,386.16 4 0
bitbucket.org/SlothNinja/confucius/petition_emperor.go:390.2,391.16 2 0
bitbucket.org/SlothNinja/confucius/petition_emperor.go:395.2,396.16 2 0
bitbucket.org/SlothNinja/confucius/petition_emperor.go:400.2,400.9 1 0
bitbucket.org/SlothNinja/confucius/petition_emperor.go:419.2,419.35 1 0
bitbucket.org/SlothNinja/confucius/petition_emperor.go:386.16,388.3 1 0
bitbucket.org/SlothNinja/confucius/petition_emperor.go:391.16,393.3 1 0
bitbucket.org/SlothNinja/confucius/petition_emperor.go:396.16,398.3 1 0
bitbucket.org/SlothNinja/confucius/petition_emperor.go:401.19,402.89 1 0
bitbucket.org/SlothNinja/confucius/petition_emperor.go:403.56,404.115 1 0
bitbucket.org/SlothNinja/confucius/petition_emperor.go:405.22,406.97 1 0
bitbucket.org/SlothNinja/confucius/petition_emperor.go:407.70,408.82 1 0
bitbucket.org/SlothNinja/confucius/petition_emperor.go:409.29,410.100 1 0
bitbucket.org/SlothNinja/confucius/petition_emperor.go:411.20,412.95 1 0
bitbucket.org/SlothNinja/confucius/petition_emperor.go:413.29,414.81 1 0
bitbucket.org/SlothNinja/confucius/petition_emperor.go:415.27,416.98 1 0
bitbucket.org/SlothNinja/confucius/petition_emperor.go:422.87,427.16 4 0
bitbucket.org/SlothNinja/confucius/petition_emperor.go:431.2,449.28 9 0
bitbucket.org/SlothNinja/confucius/petition_emperor.go:427.16,429.3 1 0
bitbucket.org/SlothNinja/confucius/petition_emperor.go:460.108,471.2 10 0
bitbucket.org/SlothNinja/confucius/petition_emperor.go:473.54,478.2 3 0
bitbucket.org/SlothNinja/confucius/petition_emperor.go:480.110,485.16 4 0
bitbucket.org/SlothNinja/confucius/petition_emperor.go:489.2,490.16 2 0
bitbucket.org/SlothNinja/confucius/petition_emperor.go:494.2,498.9 4 0
bitbucket.org/SlothNinja/confucius/petition_emperor.go:515.2,515.47 1 0
bitbucket.org/SlothNinja/confucius/petition_emperor.go:485.16,487.3 1 0
bitbucket.org/SlothNinja/confucius/petition_emperor.go:490.16,492.3 1 0
bitbucket.org/SlothNinja/confucius/petition_emperor.go:499.19,500.94 1 0
bitbucket.org/SlothNinja/confucius/petition_emperor.go:501.21,502.70 1 0
bitbucket.org/SlothNinja/confucius/petition_emperor.go:503.25,504.94 1 0
bitbucket.org/SlothNinja/confucius/petition_emperor.go:505.24,506.76 1 0
bitbucket.org/SlothNinja/confucius/petition_emperor.go:507.37,508.116 1 0
bitbucket.org/SlothNinja/confucius/petition_emperor.go:509.38,510.85 1 0
bitbucket.org/SlothNinja/confucius/petition_emperor.go:511.28,512.86 1 0
bitbucket.org/SlothNinja/confucius/recruit_army.go:14.13,16.2 1 1
bitbucket.org/SlothNinja/confucius/recruit_army.go:18.82,24.16 4 0
bitbucket.org/SlothNinja/confucius/recruit_army.go:28.2,48.28 10 0
bitbucket.org/SlothNinja/confucius/recruit_army.go:24.16,26.3 1 0
bitbucket.org/SlothNinja/confucius/recruit_army.go:56.68,64.2 7 0
bitbucket.org/SlothNinja/confucius/recruit_army.go:66.49,69.2 1 0
bitbucket.org/SlothNinja/confucius/recruit_army.go:71.80,73.16 2 0
bitbucket.org/SlothNinja/confucius/recruit_army.go:77.2,78.16 2 0
bitbucket.org/SlothNinja/confucius/recruit_army.go:82.2,83.9 2 0
bitbucket.org/SlothNinja/confucius/recruit_army.go:90.2,90.26 1 0
bitbucket.org/SlothNinja/confucius/recruit_army.go:73.16,75.3 1 0
bitbucket.org/SlothNinja/confucius/recruit_army.go:78.16,80.3 1 0
bitbucket.org/SlothNinja/confucius/recruit_army.go:84.40,85.157 1 0
bitbucket.org/SlothNinja/confucius/recruit_army.go:86.23,87.64 1 0
bitbucket.org/SlothNinja/confucius/recruit_army.go:93.41,96.2 2 0
bitbucket.org/SlothNinja/confucius/recruit_army.go:98.42,102.2 2 0
bitbucket.org/SlothNinja/confucius/recruit_army.go:104.41,106.2 1 0
bitbucket.org/SlothNinja/confucius/recruit_army.go:108.35,110.2 1 3
bitbucket.org/SlothNinja/confucius/secure_official.go:14.13,16.2 1 1
bitbucket.org/SlothNinja/confucius/secure_official.go:18.85,23.16 4 0
bitbucket.org/SlothNinja/confucius/secure_official.go:28.2,44.28 9 0
bitbucket.org/SlothNinja/confucius/secure_official.go:23.16,25.3 1 0
bitbucket.org/SlothNinja/confucius/secure_official.go:54.104,64.2 9 0
bitbucket.org/SlothNinja/confucius/secure_official.go:66.52,70.2 2 0
bitbucket.org/SlothNinja/confucius/secure_official.go:72.109,74.16 2 0
bitbucket.org/SlothNinja/confucius/secure_official.go:78.2,79.16 2 0
bitbucket.org/SlothNinja/confucius/secure_official.go:83.2,84.16 2 0
bitbucket.org/SlothNinja/confucius/secure_official.go:88.2,92.9 4 0
bitbucket.org/SlothNinja/confucius/secure_official.go:103.2,103.46 1 0
bitbucket.org/SlothNinja/confucius/secure_official.go:74.16,76.3 1 0
bitbucket.org/SlothNinja/confucius/secure_official.go:79.16,81.3 1 0
bitbucket.org/SlothNinja/confucius/secure_official.go:84.16,86.3 1 0
bitbucket.org/SlothNinja/confucius/secure_official.go:93.32,94.86 1 0
bitbucket.org/SlothNinja/confucius/secure_official.go:95.38,96.102 1 0
bitbucket.org/SlothNinja/confucius/secure_official.go:97.24,98.97 1 0
bitbucket.org/SlothNinja/confucius/secure_official.go:99.24,100.157 1 0
bitbucket.org/SlothNinja/confucius/secure_official.go:106.44,109.2 2 0
bitbucket.org/SlothNinja/confucius/secure_official.go:111.45,115.2 2 0
bitbucket.org/SlothNinja/confucius/secure_official.go:117.56,118.33 1 0
bitbucket.org/SlothNinja/confucius/secure_official.go:127.2,127.14 1 0
bitbucket.org/SlothNinja/confucius/secure_official.go:118.33,119.18 1 0
bitbucket.org/SlothNinja/confucius/secure_official.go:119.18,120.34 1 0
bitbucket.org/SlothNinja/confucius/secure_official.go:120.34,121.23 1 0
bitbucket.org/SlothNinja/confucius/secure_official.go:121.23,123.6 1 0
bitbucket.org/SlothNinja/confucius/secure_official.go:130.50,132.2 1 0
bitbucket.org/SlothNinja/confucius/secure_official.go:134.50,136.2 1 0
bitbucket.org/SlothNinja/confucius/secure_official.go:138.58,140.2 1 0
bitbucket.org/SlothNinja/confucius/start_voyage.go:16.13,18.2 1 1
bitbucket.org/SlothNinja/confucius/start_voyage.go:20.82,26.16 4 0
bitbucket.org/SlothNinja/confucius/start_voyage.go:30.2,46.40 11 0
bitbucket.org/SlothNinja/confucius/start_voyage.go:84.2,92.28 5 0
bitbucket.org/SlothNinja/confucius/start_voyage.go:26.16,28.3 1 0
bitbucket.org/SlothNinja/confucius/start_voyage.go:46.40,49.36 3 0
bitbucket.org/SlothNinja/confucius/start_voyage.go:57.3,57.15 1 0
bitbucket.org/SlothNinja/confucius/start_voyage.go:66.3,67.26 2 0
bitbucket.org/SlothNinja/confucius/start_voyage.go:70.3,73.29 3 0
bitbucket.org/SlothNinja/confucius/start_voyage.go:78.3,80.30 3 0
bitbucket.org/SlothNinja/confucius/start_voyage.go:49.36,50.28 1 0
bitbucket.org/SlothNinja/confucius/start_voyage.go:50.28,53.5 2 0
bitbucket.org/SlothNinja/confucius/start_voyage.go:57.15,58.37 1 0
bitbucket.org/SlothNinja/confucius/start_voyage.go:58.37,59.33 1 0
bitbucket.org/SlothNinja/confucius/start_voyage.go:59.33,61.11 2 0
bitbucket.org/SlothNinja/confucius/start_voyage.go:67.26,69.4 1 0
bitbucket.org/SlothNinja/confucius/start_voyage.go:73.29,77.4 3 0
bitbucket.org/SlothNinja/confucius/start_voyage.go:104.112,116.2 11 0
bitbucket.org/SlothNinja/confucius/start_voyage.go:118.49,123.38 4 0
bitbucket.org/SlothNinja/confucius/start_voyage.go:130.2,130.25 1 0
bitbucket.org/SlothNinja/confucius/start_voyage.go:123.38,124.24 1 0
bitbucket.org/SlothNinja/confucius/start_voyage.go:124.24,126.4 1 0
bitbucket.org/SlothNinja/confucius/start_voyage.go:126.4,128.4 1 0
bitbucket.org/SlothNinja/confucius/start_voyage.go:133.85,135.16 2 0
bitbucket.org/SlothNinja/confucius/start_voyage.go:139.2,140.16 2 0
bitbucket.org/SlothNinja/confucius/start_voyage.go:144.2,148.9 5 0
bitbucket.org/SlothNinja/confucius/start_voyage.go:159.2,159.33 1 0
bitbucket.org/SlothNinja/confucius/start_voyage.go:135.16,137.3 1 0
bitbucket.org/SlothNinja/confucius/start_voyage.go:140.16,142.3 1 0
bitbucket.org/SlothNinja/confucius/start_voyage.go:149.18,150.70 1 0
bitbucket.org/SlothNinja/confucius/start_voyage.go:151.24,152.163 1 0
bitbucket.org/SlothNinja/confucius/start_voyage.go:153.24,154.130 1 0
bitbucket.org/SlothNinja/confucius/start_voyage.go:155.32,156.88 1 0
bitbucket.org/SlothNinja/confucius/start_voyage.go:162.41,165.2 2 0
bitbucket.org/SlothNinja/confucius/start_voyage.go:167.40,171.2 2 0
bitbucket.org/SlothNinja/confucius/controller.go:82.46,85.2 2 0
bitbucket.org/SlothNinja/confucius/controller.go:87.53,90.2 2 125
bitbucket.org/SlothNinja/confucius/controller.go:92.46,95.2 2 0
bitbucket.org/SlothNinja/confucius/controller.go:97.53,100.2 2 0
bitbucket.org/SlothNinja/confucius/controller.go:102.88,107.38 4 0
bitbucket.org/SlothNinja/confucius/controller.go:108.24,109.30 1 0
bitbucket.org/SlothNinja/confucius/controller.go:110.25,111.31 1 0
bitbucket.org/SlothNinja/confucius/controller.go:112.18,113.24 1 0
bitbucket.org/SlothNinja/confucius/controller.go:114.19,115.25 1 0
bitbucket.org/SlothNinja/confucius/controller.go:116.26,117.32 1 0
bitbucket.org/SlothNinja/confucius/controller.go:118.20,119.26 1 0
bitbucket.org/SlothNinja/confucius/controller.go:120.28,121.34 1 0
bitbucket.org/SlothNinja/confucius/controller.go:122.33,123.29 1 0
bitbucket.org/SlothNinja/confucius/controller.go:124.20,125.26 1 0
bitbucket.org/SlothNinja/confucius/controller.go:126.25,127.31 1 0
bitbucket.org/SlothNinja/confucius/controller.go:128.24,129.30 1 0
bitbucket.org/SlothNinja/confucius/controller.go:130.23,131.29 1 0
bitbucket.org/SlothNinja/confucius/controller.go:132.27,133.33 1 0
bitbucket.org/SlothNinja/confucius/controller.go:134.23,135.29 1 0
bitbucket.org/SlothNinja/confucius/controller.go:136.19,137.25 1 0
bitbucket.org/SlothNinja/confucius/controller.go:138.22,139.28 1 0
bitbucket.org/SlothNinja/confucius/controller.go:140.20,141.27 1 0
bitbucket.org/SlothNinja/confucius/controller.go:142.20,143.26 1 0
bitbucket.org/SlothNinja/confucius/controller.go:144.22,145.28 1 0
bitbucket.org/SlothNinja/confucius/controller.go:146.21,147.27 1 0
bitbucket.org/SlothNinja/confucius/controller.go:148.19,149.25 1 0
bitbucket.org/SlothNinja/confucius/controller.go:150.14,151.21 1 0
bitbucket.org/SlothNinja/confucius/controller.go:152.19,153.25 1 0
bitbucket.org/SlothNinja/confucius/controller.go:154.19,155.25 1 0
bitbucket.org/SlothNinja/confucius/controller.go:156.27,157.32 1 0
bitbucket.org/SlothNinja/confucius/controller.go:158.29,159.34 1 0
bitbucket.org/SlothNinja/confucius/controller.go:160.24,161.30 1 0
bitbucket.org/SlothNinja/confucius/controller.go:162.19,163.25 1 0
bitbucket.org/SlothNinja/confucius/controller.go:164.17,165.24 1 0
bitbucket.org/SlothNinja/confucius/controller.go:166.31,167.36 1 0
bitbucket.org/SlothNinja/confucius/controller.go:168.23,169.29 1 0
bitbucket.org/SlothNinja/confucius/controller.go:170.15,171.26 1 0
bitbucket.org/SlothNinja/confucius/controller.go:172.20,173.28 1 0
bitbucket.org/SlothNinja/confucius/controller.go:174.16,175.28 1 0
bitbucket.org/SlothNinja/confucius/controller.go:192.10,193.91 1 0
bitbucket.org/SlothNinja/confucius/controller.go:197.42,198.30 1 0
bitbucket.org/SlothNinja/confucius/controller.go:198.30,217.3 6 0
bitbucket.org/SlothNinja/confucius/controller.go:220.44,221.30 1 0
bitbucket.org/SlothNinja/confucius/controller.go:221.30,227.15 5 0
bitbucket.org/SlothNinja/confucius/controller.go:232.3,234.10 3 0
bitbucket.org/SlothNinja/confucius/controller.go:262.3,262.34 1 0
bitbucket.org/SlothNinja/confucius/controller.go:227.15,231.4 3 0
bitbucket.org/SlothNinja/confucius/controller.go:235.39,237.18 2 0
bitbucket.org/SlothNinja/confucius/controller.go:238.19,241.10 3 0
bitbucket.org/SlothNinja/confucius/controller.go:242.33,243.39 1 0
bitbucket.org/SlothNinja/confucius/controller.go:246.32,247.38 1 0
bitbucket.org/SlothNinja/confucius/controller.go:253.32,255.85 2 0
bitbucket.org/SlothNinja/confucius/controller.go:243.39,245.5 1 0
bitbucket.org/SlothNinja/confucius/controller.go:247.38,252.5 4 0
bitbucket.org/SlothNinja/confucius/controller.go:255.85,259.5 3 0
bitbucket.org/SlothNinja/confucius/controller.go:263.43,264.32 1 0
bitbucket.org/SlothNinja/confucius/controller.go:265.23,266.58 1 0
bitbucket.org/SlothNinja/confucius/controller.go:267.11,279.38 3 0
bitbucket.org/SlothNinja/confucius/controller.go:284.73,285.78 1 0
bitbucket.org/SlothNinja/confucius/controller.go:314.2,314.8 1 0
bitbucket.org/SlothNinja/confucius/controller.go:285.78,287.87 2 0
bitbucket.org/SlothNinja/confucius/controller.go:292.3,292.57 1 0
bitbucket.org/SlothNinja/confucius/controller.go:296.3,296.36 1 0
bitbucket.org/SlothNinja/confucius/controller.go:301.3,301.40 1 0
bitbucket.org/SlothNinja/confucius/controller.go:305.3,305.66 1 0
bitbucket.org/SlothNinja/confucius/controller.go:309.3,309.79 1 0
bitbucket.org/SlothNinja/confucius/controller.go:312.3,312.9 1 0
bitbucket.org/SlothNinja/confucius/controller.go:287.87,290.4 2 0
bitbucket.org/SlothNinja/confucius/controller.go:292.57,294.4 1 0
bitbucket.org/SlothNinja/confucius/controller.go:296.36,299.4 2 0
bitbucket.org/SlothNinja/confucius/controller.go:301.40,303.4 1 0
bitbucket.org/SlothNinja/confucius/controller.go:305.66,307.4 1 0
bitbucket.org/SlothNinja/confucius/controller.go:309.79,311.4 1 0
bitbucket.org/SlothNinja/confucius/controller.go:317.56,322.54 4 0
bitbucket.org/SlothNinja/confucius/controller.go:325.2,328.8 3 0
bitbucket.org/SlothNinja/confucius/controller.go:322.54,324.3 1 0
bitbucket.org/SlothNinja/confucius/controller.go:331.49,334.16 3 0
bitbucket.org/SlothNinja/confucius/controller.go:337.2,338.32 2 0
bitbucket.org/SlothNinja/confucius/controller.go:334.16,336.3 1 0
bitbucket.org/SlothNinja/confucius/controller.go:341.67,344.23 3 0
bitbucket.org/SlothNinja/confucius/controller.go:347.2,347.8 1 0
bitbucket.org/SlothNinja/confucius/controller.go:344.23,346.3 1 0
bitbucket.org/SlothNinja/confucius/controller.go:350.58,353.2 2 0
bitbucket.org/SlothNinja/confucius/controller.go:355.43,357.2 1 0
bitbucket.org/SlothNinja/confucius/controller.go:359.36,361.2 1 0
bitbucket.org/SlothNinja/confucius/controller.go:363.47,365.2 1 0
bitbucket.org/SlothNinja/confucius/controller.go:367.42,368.30 1 0
bitbucket.org/SlothNinja/confucius/controller.go:368.30,375.15 6 0
bitbucket.org/SlothNinja/confucius/controller.go:379.3,380.84 2 0
bitbucket.org/SlothNinja/confucius/controller.go:375.15,378.4 2 0
bitbucket.org/SlothNinja/confucius/controller.go:380.84,382.4 1 0
bitbucket.org/SlothNinja/confucius/controller.go:386.46,387.30 1 0
bitbucket.org/SlothNinja/confucius/controller.go:387.30,394.15 6 0
bitbucket.org/SlothNinja/confucius/controller.go:398.3,399.37 2 0
bitbucket.org/SlothNinja/confucius/controller.go:402.3,402.9 1 0
bitbucket.org/SlothNinja/confucius/controller.go:394.15,397.4 2 0
bitbucket.org/SlothNinja/confucius/controller.go:399.37,401.4 1 0
bitbucket.org/SlothNinja/confucius/controller.go:406.43,407.30 1 0
bitbucket.org/SlothNinja/confucius/controller.go:407.30,413.49 5 0
bitbucket.org/SlothNinja/confucius/controller.go:414.24,421.6 1 0
bitbucket.org/SlothNinja/confucius/controller.go:422.11,430.6 1 0
bitbucket.org/SlothNinja/confucius/controller.go:434.47,435.30 1 0
bitbucket.org/SlothNinja/confucius/controller.go:435.30,442.54 6 0
bitbucket.org/SlothNinja/confucius/controller.go:448.3,453.5 1 0
bitbucket.org/SlothNinja/confucius/controller.go:442.54,446.4 3 0
bitbucket.org/SlothNinja/confucius/controller.go:457.44,458.30 1 0
bitbucket.org/SlothNinja/confucius/controller.go:458.30,469.50 8 0
bitbucket.org/SlothNinja/confucius/controller.go:473.3,473.17 1 0
bitbucket.org/SlothNinja/confucius/controller.go:477.3,477.17 1 0
bitbucket.org/SlothNinja/confucius/controller.go:490.3,490.17 1 0
bitbucket.org/SlothNinja/confucius/controller.go:469.50,471.4 1 0
bitbucket.org/SlothNinja/confucius/controller.go:473.17,475.4 1 0
bitbucket.org/SlothNinja/confucius/controller.go:477.17,478.79 1 0
bitbucket.org/SlothNinja/confucius/controller.go:478.79,479.54 1 0
bitbucket.org/SlothNinja/confucius/controller.go:483.5,485.32 3 0
bitbucket.org/SlothNinja/confucius/controller.go:479.54,481.6 1 0
bitbucket.org/SlothNinja/confucius/controller.go:490.17,492.4 1 0
bitbucket.org/SlothNinja/confucius/controller.go:492.4,494.4 1 0
bitbucket.org/SlothNinja/confucius/controller.go:498.44,499.30 1 0
bitbucket.org/SlothNinja/confucius/controller.go:499.30,506.15 6 0
bitbucket.org/SlothNinja/confucius/controller.go:511.3,517.57 3 0
bitbucket.org/SlothNinja/confucius/controller.go:521.3,521.17 1 0
bitbucket.org/SlothNinja/confucius/controller.go:525.3,525.26 1 0
bitbucket.org/SlothNinja/confucius/controller.go:529.3,529.17 1 0
bitbucket.org/SlothNinja/confucius/controller.go:506.15,509.4 2 0
bitbucket.org/SlothNinja/confucius/controller.go:517.57,519.4 1 0
bitbucket.org/SlothNinja/confucius/controller.go:521.17,523.4 1 0
bitbucket.org/SlothNinja/confucius/controller.go:525.26,527.4 1 0
bitbucket.org/SlothNinja/confucius/controller.go:529.17,531.4 1 0
bitbucket.org/SlothNinja/confucius/controller.go:536.42,537.30 1 0
bitbucket.org/SlothNinja/confucius/controller.go:537.30,544.15 6 0
bitbucket.org/SlothNinja/confucius/controller.go:549.3,552.34 3 0
bitbucket.org/SlothNinja/confucius/controller.go:556.3,556.17 1 0
bitbucket.org/SlothNinja/confucius/controller.go:544.15,547.4 2 0
bitbucket.org/SlothNinja/confucius/controller.go:552.34,554.4 1 0
bitbucket.org/SlothNinja/confucius/controller.go:556.17,559.4 2 0
bitbucket.org/SlothNinja/confucius/controller.go:564.28,575.68 5 0
bitbucket.org/SlothNinja/confucius/controller.go:580.2,583.41 3 0
bitbucket.org/SlothNinja/confucius/controller.go:575.68,578.3 2 0
bitbucket.org/SlothNinja/confucius/controller.go:584.25,587.14 1 0
bitbucket.org/SlothNinja/confucius/controller.go:588.24,590.38 1 0
bitbucket.org/SlothNinja/confucius/controller.go:594.10,595.35 1 0
bitbucket.org/SlothNinja/confucius/controller.go:601.3,601.38 1 0
bitbucket.org/SlothNinja/confucius/controller.go:590.38,593.4 2 0
bitbucket.org/SlothNinja/confucius/controller.go:595.35,597.40 1 0
bitbucket.org/SlothNinja/confucius/controller.go:597.40,599.5 1 0
bitbucket.org/SlothNinja/confucius/controller.go:601.38,604.4 2 0
bitbucket.org/SlothNinja/confucius/controller.go:609.48,615.16 5 0
bitbucket.org/SlothNinja/confucius/controller.go:619.2,619.54 1 0
bitbucket.org/SlothNinja/confucius/controller.go:623.2,623.39 1 0
bitbucket.org/SlothNinja/confucius/controller.go:627.2,628.12 2 0
bitbucket.org/SlothNinja/confucius/controller.go:615.16,617.3 1 0
bitbucket.org/SlothNinja/confucius/controller.go:619.54,621.3 1 0
bitbucket.org/SlothNinja/confucius/controller.go:623.39,625.3 1 0
bitbucket.org/SlothNinja/confucius/controller.go:632.54,636.45 3 125
bitbucket.org/SlothNinja/confucius/controller.go:646.2,647.54 2 125
bitbucket.org/SlothNinja/confucius/controller.go:654.2,654.35 1 125
bitbucket.org/SlothNinja/confucius/controller.go:659.2,661.8 3 125
bitbucket.org/SlothNinja/confucius/controller.go:637.18,639.9 2 0
bitbucket.org/SlothNinja/confucius/controller.go:640.16,643.9 3 0
bitbucket.org/SlothNinja/confucius/controller.go:647.54,650.3 2 0
bitbucket.org/SlothNinja/confucius/controller.go:650.3,652.3 1 125
bitbucket.org/SlothNinja/confucius/controller.go:654.35,657.3 2 0
bitbucket.org/SlothNinja/confucius/controller.go:664.32,667.2 2 0
bitbucket.org/SlothNinja/confucius/controller.go:669.53,670.30 1 0
bitbucket.org/SlothNinja/confucius/controller.go:670.30,676.3 4 0
bitbucket.org/SlothNinja/confucius/controller.go:679.31,681.17 2 0
bitbucket.org/SlothNinja/confucius/controller.go:687.2,687.30 1 0
bitbucket.org/SlothNinja/confucius/controller.go:692.2,692.30 1 0
bitbucket.org/SlothNinja/confucius/controller.go:682.16,683.29 1 0
bitbucket.org/SlothNinja/confucius/controller.go:684.10,685.95 1 0
bitbucket.org/SlothNinja/confucius/controller.go:687.30,690.3 2 0
bitbucket.org/SlothNinja/confucius/controller.go:692.30,695.29 3 0
bitbucket.org/SlothNinja/confucius/controller.go:695.29,698.4 2 0
bitbucket.org/SlothNinja/confucius/db.go:15.37,22.2 6 126
bitbucket.org/SlothNinja/confucius/db.go:24.24,26.2 1 251
bitbucket.org/SlothNinja/confucius/db.go:28.45,30.2 1 126
bitbucket.org/SlothNinja/confucius/db.go:32.59,34.2 1 0
bitbucket.org/SlothNinja/confucius/db.go:36.69,38.2 1 0
bitbucket.org/SlothNinja/confucius/db.go:40.48,41.46 1 125
bitbucket.org/SlothNinja/confucius/db.go:45.2,45.37 1 125
bitbucket.org/SlothNinja/confucius/db.go:49.2,49.30 1 125
bitbucket.org/SlothNinja/confucius/db.go:53.2,53.40 1 125
bitbucket.org/SlothNinja/confucius/db.go:57.2,57.41 1 125
bitbucket.org/SlothNinja/confucius/db.go:61.2,61.38 1 125
bitbucket.org/SlothNinja/confucius/db.go:65.2,65.38 1 125
bitbucket.org/SlothNinja/confucius/db.go:68.2,68.12 1 125
bitbucket.org/SlothNinja/confucius/db.go:41.46,43.3 1 0
bitbucket.org/SlothNinja/confucius/db.go:45.37,47.3 1 375
bitbucket.org/SlothNinja/confucius/db.go:49.30,51.3 1 125
bitbucket.org/SlothNinja/confucius/db.go:53.40,55.3 1 375
bitbucket.org/SlothNinja/confucius/db.go:57.41,59.3 1 750
bitbucket.org/SlothNinja/confucius/db.go:61.38,63.3 1 375
bitbucket.org/SlothNinja/confucius/db.go:65.38,67.3 1 625
bitbucket.org/SlothNinja/confucius/db.go:71.35,73.2 1 0
bitbucket.org/SlothNinja/confucius/db.go:75.56,81.64 4 0
bitbucket.org/SlothNinja/confucius/db.go:85.2,85.8 1 0
bitbucket.org/SlothNinja/confucius/db.go:81.64,84.3 2 0
bitbucket.org/SlothNinja/confucius/end_of_round_phase.go:11.13,16.2 4 1
bitbucket.org/SlothNinja/confucius/end_of_round_phase.go:18.75,24.49 5 0
bitbucket.org/SlothNinja/confucius/end_of_round_phase.go:28.2,28.8 1 0
bitbucket.org/SlothNinja/confucius/end_of_round_phase.go:24.49,27.3 2 0
bitbucket.org/SlothNinja/confucius/end_of_round_phase.go:31.60,35.33 3 0
bitbucket.org/SlothNinja/confucius/end_of_round_phase.go:35.33,37.3 1 0
bitbucket.org/SlothNinja/confucius/end_of_round_phase.go:40.48,41.44 1 1
bitbucket.org/SlothNinja/confucius/end_of_round_phase.go:41.44,42.35 1 1
bitbucket.org/SlothNinja/confucius/end_of_round_phase.go:42.35,47.4 4 1
bitbucket.org/SlothNinja/confucius/end_of_round_phase.go:51.51,56.32 4 1
bitbucket.org/SlothNinja/confucius/end_of_round_phase.go:56.32,58.3 1 3
bitbucket.org/SlothNinja/confucius/foreign_land.go:10.13,13.2 2 1
bitbucket.org/SlothNinja/confucius/foreign_land.go:25.42,27.2 1 0
bitbucket.org/SlothNinja/confucius/foreign_land.go:29.55,30.20 1 0
bitbucket.org/SlothNinja/confucius/foreign_land.go:33.2,33.8 1 0
bitbucket.org/SlothNinja/confucius/foreign_land.go:30.20,32.3 1 0
bitbucket.org/SlothNinja/confucius/foreign_land.go:36.55,37.9 1 0
bitbucket.org/SlothNinja/confucius/foreign_land.go:38.21,39.29 1 0
bitbucket.org/SlothNinja/confucius/foreign_land.go:40.10,41.30 1 0
bitbucket.org/SlothNinja/confucius/foreign_land.go:45.44,47.2 1 0
bitbucket.org/SlothNinja/confucius/foreign_land.go:49.47,51.2 1 0
bitbucket.org/SlothNinja/confucius/foreign_land.go:60.43,62.33 2 375
bitbucket.org/SlothNinja/confucius/foreign_land.go:62.33,64.3 1 1125
bitbucket.org/SlothNinja/confucius/foreign_land.go:67.39,69.2 1 0
bitbucket.org/SlothNinja/confucius/foreign_land.go:71.40,73.2 1 0
bitbucket.org/SlothNinja/confucius/foreign_land.go:75.57,77.2 1 0
bitbucket.org/SlothNinja/confucius/foreign_land.go:94.43,96.2 1 0
bitbucket.org/SlothNinja/confucius/foreign_land.go:98.37,100.2 1 0
bitbucket.org/SlothNinja/confucius/foreign_land.go:102.83,103.14 1 5
bitbucket.org/SlothNinja/confucius/foreign_land.go:129.2,129.8 1 5
bitbucket.org/SlothNinja/confucius/foreign_land.go:104.13,107.104 3 1
bitbucket.org/SlothNinja/confucius/foreign_land.go:108.14,111.104 3 1
bitbucket.org/SlothNinja/confucius/foreign_land.go:112.16,116.105 4 1
bitbucket.org/SlothNinja/confucius/foreign_land.go:117.13,121.105 4 1
bitbucket.org/SlothNinja/confucius/foreign_land.go:122.17,127.104 5 1
bitbucket.org/SlothNinja/confucius/foreign_land.go:132.40,135.36 2 1
bitbucket.org/SlothNinja/confucius/foreign_land.go:143.2,144.31 2 1
bitbucket.org/SlothNinja/confucius/foreign_land.go:149.2,149.35 1 1
bitbucket.org/SlothNinja/confucius/foreign_land.go:135.36,140.3 4 5
bitbucket.org/SlothNinja/confucius/foreign_land.go:144.31,148.3 3 3
bitbucket.org/SlothNinja/confucius/foreign_land.go:152.43,154.2 1 0
bitbucket.org/SlothNinja/confucius/foreign_land.go:156.59,158.33 2 0
bitbucket.org/SlothNinja/confucius/foreign_land.go:164.2,164.8 1 0
bitbucket.org/SlothNinja/confucius/foreign_land.go:158.33,159.23 1 0
bitbucket.org/SlothNinja/confucius/foreign_land.go:159.23,161.9 2 0
bitbucket.org/SlothNinja/confucius/gift_card.go:5.13,7.2 1 1
bitbucket.org/SlothNinja/confucius/gift_card.go:21.37,23.2 1 8
bitbucket.org/SlothNinja/confucius/gift_card.go:25.43,27.2 1 0
bitbucket.org/SlothNinja/confucius/gift_card.go:39.52,41.2 1 0
bitbucket.org/SlothNinja/confucius/gift_card.go:54.36,56.2 1 22
bitbucket.org/SlothNinja/confucius/gift_card.go:58.43,60.2 1 2268
bitbucket.org/SlothNinja/confucius/gift_card.go:62.34,64.2 1 8
bitbucket.org/SlothNinja/confucius/gift_card.go:66.49,67.33 1 22
bitbucket.org/SlothNinja/confucius/gift_card.go:70.2,70.8 1 22
bitbucket.org/SlothNinja/confucius/gift_card.go:67.33,69.3 1 22
bitbucket.org/SlothNinja/confucius/gift_card.go:73.49,74.9 1 18
bitbucket.org/SlothNinja/confucius/gift_card.go:75.21,76.29 1 0
bitbucket.org/SlothNinja/confucius/gift_card.go:77.10,78.30 1 18
bitbucket.org/SlothNinja/confucius/gift_card.go:82.43,84.2 1 6
bitbucket.org/SlothNinja/confucius/gift_card.go:86.37,88.2 1 3
bitbucket.org/SlothNinja/confucius/gift_card.go:90.47,92.2 1 28
bitbucket.org/SlothNinja/confucius/gift_card.go:94.51,96.2 1 2
bitbucket.org/SlothNinja/confucius/gift_card.go:98.66,101.2 2 2
bitbucket.org/SlothNinja/confucius/gift_card.go:103.49,105.2 1 2
bitbucket.org/SlothNinja/confucius/gift_card.go:107.63,109.26 2 2
bitbucket.org/SlothNinja/confucius/gift_card.go:112.2,112.12 1 2
bitbucket.org/SlothNinja/confucius/gift_card.go:109.26,111.3 1 2
bitbucket.org/SlothNinja/confucius/gift_card.go:115.54,117.23 2 2
bitbucket.org/SlothNinja/confucius/gift_card.go:122.2,122.11 1 0
bitbucket.org/SlothNinja/confucius/gift_card.go:117.23,118.20 1 7
bitbucket.org/SlothNinja/confucius/gift_card.go:118.20,120.4 1 2
bitbucket.org/SlothNinja/confucius/gift_card.go:125.47,127.2 1 2
bitbucket.org/SlothNinja/confucius/gift_card.go:129.50,130.30 1 0
bitbucket.org/SlothNinja/confucius/gift_card.go:135.9,135.21 1 0
bitbucket.org/SlothNinja/confucius/gift_card.go:130.30,131.34 1 0
bitbucket.org/SlothNinja/confucius/gift_card.go:131.34,133.18 1 0
bitbucket.org/SlothNinja/confucius/gift_card.go:138.41,140.35 2 0
bitbucket.org/SlothNinja/confucius/gift_card.go:143.2,143.11 1 0
bitbucket.org/SlothNinja/confucius/gift_card.go:140.35,142.3 1 0
bitbucket.org/SlothNinja/confucius/gift_card.go:146.66,147.28 1 0
bitbucket.org/SlothNinja/confucius/gift_card.go:152.2,152.14 1 0
bitbucket.org/SlothNinja/confucius/gift_card.go:147.28,148.22 1 0
bitbucket.org/SlothNinja/confucius/gift_card.go:148.22,150.4 1 0
bitbucket.org/SlothNinja/confucius/log.go:9.34,13.2 3 2
bitbucket.org/SlothNinja/confucius/log.go:15.36,20.2 4 10
bitbucket.org/SlothNinja/confucius/log.go:22.36,24.2 1 0
bitbucket.org/SlothNinja/confucius/log.go:26.48,27.16 1 7
bitbucket.org/SlothNinja/confucius/log.go:30.2,30.14 1 0
bitbucket.org/SlothNinja/confucius/log.go:27.16,29.3 1 7
bitbucket.org/SlothNinja/confucius/no_action.go:13.13,15.2 1 1
bitbucket.org/SlothNinja/confucius/no_action.go:17.79,22.16 4 0
bitbucket.org/SlothNinja/confucius/no_action.go:26.2,37.28 6 0
bitbucket.org/SlothNinja/confucius/no_action.go:22.16,24.3 1 0
bitbucket.org/SlothNinja/confucius/no_action.go:44.52,51.2 6 0
bitbucket.org/SlothNinja/confucius/no_action.go:53.46,55.2 1 0
bitbucket.org/SlothNinja/confucius/no_action.go:57.38,62.2 2 0
bitbucket.org/SlothNinja/confucius/no_action.go:64.40,66.2 1 0
bitbucket.org/SlothNinja/confucius/routes.go:12.51,147.2 16 0
bitbucket.org/SlothNinja/confucius/transfer_influence.go:14.13,16.2 1 1
bitbucket.org/SlothNinja/confucius/transfer_influence.go:18.88,23.16 4 0
bitbucket.org/SlothNinja/confucius/transfer_influence.go:27.2,39.28 7 0
bitbucket.org/SlothNinja/confucius/transfer_influence.go:23.16,25.3 1 0
bitbucket.org/SlothNinja/confucius/transfer_influence.go:49.126,60.2 9 0
bitbucket.org/SlothNinja/confucius/transfer_influence.go:62.55,63.39 1 0
bitbucket.org/SlothNinja/confucius/transfer_influence.go:66.2,66.167 1 0
bitbucket.org/SlothNinja/confucius/transfer_influence.go:63.39,65.3 1 0
bitbucket.org/SlothNinja/confucius/transfer_influence.go:69.106,70.55 1 0
bitbucket.org/SlothNinja/confucius/transfer_influence.go:74.2,75.16 2 0
bitbucket.org/SlothNinja/confucius/transfer_influence.go:79.2,80.16 2 0
bitbucket.org/SlothNinja/confucius/transfer_influence.go:84.2,86.9 2 0
bitbucket.org/SlothNinja/confucius/transfer_influence.go:94.2,94.40 1 0
bitbucket.org/SlothNinja/confucius/transfer_influence.go:70.55,72.3 1 0
bitbucket.org/SlothNinja/confucius/transfer_influence.go:75.16,77.3 1 0
bitbucket.org/SlothNinja/confucius/transfer_influence.go:80.16,82.3 1 0
bitbucket.org/SlothNinja/confucius/transfer_influence.go:87.32,88.166 1 0
bitbucket.org/SlothNinja/confucius/transfer_influence.go:89.38,90.166 1 0
bitbucket.org/SlothNinja/confucius/transfer_influence.go:91.25,92.93 1 0
bitbucket.org/SlothNinja/confucius/transfer_influence.go:97.47,100.2 2 0
bitbucket.org/SlothNinja/confucius/transfer_influence.go:102.46,105.2 2 0
bitbucket.org/SlothNinja/confucius/transfer_influence.go:107.48,108.40 1 0
bitbucket.org/SlothNinja/confucius/transfer_influence.go:117.2,117.14 1 0
bitbucket.org/SlothNinja/confucius/transfer_influence.go:108.40,109.18 1 0
bitbucket.org/SlothNinja/confucius/transfer_influence.go:109.18,110.34 1 0
bitbucket.org/SlothNinja/confucius/transfer_influence.go:110.34,111.28 1 0
bitbucket.org/SlothNinja/confucius/transfer_influence.go:111.28,113.6 1 0
bitbucket.org/SlothNinja/confucius/action_helpers.go:15.98,21.29 5 0
bitbucket.org/SlothNinja/confucius/action_helpers.go:25.2,26.17 2 0
bitbucket.org/SlothNinja/confucius/action_helpers.go:30.2,31.17 2 0
bitbucket.org/SlothNinja/confucius/action_helpers.go:35.2,35.36 1 0
bitbucket.org/SlothNinja/confucius/action_helpers.go:39.2,40.69 2 0
bitbucket.org/SlothNinja/confucius/action_helpers.go:44.2,44.32 1 0
bitbucket.org/SlothNinja/confucius/action_helpers.go:21.29,23.3 1 0
bitbucket.org/SlothNinja/confucius/action_helpers.go:26.17,28.3 1 0
bitbucket.org/SlothNinja/confucius/action_helpers.go:31.17,33.3 1 0
bitbucket.org/SlothNinja/confucius/action_helpers.go:35.36,37.3 1 0
bitbucket.org/SlothNinja/confucius/action_helpers.go:40.69,42.3 1 0
bitbucket.org/SlothNinja/confucius/action_helpers.go:47.72,49.38 2 72
bitbucket.org/SlothNinja/confucius/action_helpers.go:80.2,80.8 1 72
bitbucket.org/SlothNinja/confucius/action_helpers.go:50.43,51.24 1 24
bitbucket.org/SlothNinja/confucius/action_helpers.go:52.26,53.21 1 0
bitbucket.org/SlothNinja/confucius/action_helpers.go:54.20,55.18 1 0
bitbucket.org/SlothNinja/confucius/action_helpers.go:56.35,57.24 1 6
bitbucket.org/SlothNinja/confucius/action_helpers.go:58.37,59.24 1 0
bitbucket.org/SlothNinja/confucius/action_helpers.go:60.18,61.20 1 6
bitbucket.org/SlothNinja/confucius/action_helpers.go:62.19,63.21 1 0
bitbucket.org/SlothNinja/confucius/action_helpers.go:64.20,65.23 1 5
bitbucket.org/SlothNinja/confucius/action_helpers.go:66.20,67.22 1 0
bitbucket.org/SlothNinja/confucius/action_helpers.go:68.19,69.21 1 0
bitbucket.org/SlothNinja/confucius/action_helpers.go:72.23,73.21 1 0
bitbucket.org/SlothNinja/confucius/action_helpers.go:75.55,76.15 1 30
bitbucket.org/SlothNinja/confucius/action_helpers.go:77.10,78.52 1 1
bitbucket.org/SlothNinja/confucius/action_helpers.go:83.117,90.53 3 11
bitbucket.org/SlothNinja/confucius/action_helpers.go:101.2,101.33 1 7
bitbucket.org/SlothNinja/confucius/action_helpers.go:111.2,111.8 1 7
bitbucket.org/SlothNinja/confucius/action_helpers.go:90.53,93.3 2 1
bitbucket.org/SlothNinja/confucius/action_helpers.go:93.3,93.61 1 10
bitbucket.org/SlothNinja/confucius/action_helpers.go:93.61,96.3 2 2
bitbucket.org/SlothNinja/confucius/action_helpers.go:96.3,96.53 1 8
bitbucket.org/SlothNinja/confucius/action_helpers.go:96.53,99.3 2 1
bitbucket.org/SlothNinja/confucius/action_helpers.go:102.16,103.27 1 5
bitbucket.org/SlothNinja/confucius/action_helpers.go:104.14,105.25 1 1
bitbucket.org/SlothNinja/confucius/action_helpers.go:106.16,107.27 1 0
bitbucket.org/SlothNinja/confucius/action_helpers.go:108.10,109.51 1 1
bitbucket.org/SlothNinja/confucius/action_helpers.go:114.120,120.71 2 11
bitbucket.org/SlothNinja/confucius/action_helpers.go:124.2,124.33 1 6
bitbucket.org/SlothNinja/confucius/action_helpers.go:127.2,127.8 1 6
bitbucket.org/SlothNinja/confucius/action_helpers.go:120.71,122.3 1 5
bitbucket.org/SlothNinja/confucius/action_helpers.go:124.33,126.3 1 1
bitbucket.org/SlothNinja/confucius/action_helpers.go:130.82,134.13 3 0
bitbucket.org/SlothNinja/confucius/action_helpers.go:141.2,142.14 2 0
bitbucket.org/SlothNinja/confucius/action_helpers.go:146.2,146.15 1 0
bitbucket.org/SlothNinja/confucius/action_helpers.go:135.10,136.73 1 0
bitbucket.org/SlothNinja/confucius/action_helpers.go:137.14,138.56 1 0
bitbucket.org/SlothNinja/confucius/action_helpers.go:142.14,144.3 1 0
bitbucket.org/SlothNinja/confucius/action_helpers.go:149.98,152.82 2 7
bitbucket.org/SlothNinja/confucius/action_helpers.go:157.2,157.8 1 7
bitbucket.org/SlothNinja/confucius/action_helpers.go:152.82,154.3 1 2
bitbucket.org/SlothNinja/confucius/action_helpers.go:154.3,156.3 1 5
bitbucket.org/SlothNinja/confucius/action_helpers.go:160.80,163.85 2 24
bitbucket.org/SlothNinja/confucius/action_helpers.go:168.2,169.59 2 19
bitbucket.org/SlothNinja/confucius/action_helpers.go:172.2,172.8 1 19
bitbucket.org/SlothNinja/confucius/action_helpers.go:163.85,166.3 2 5
bitbucket.org/SlothNinja/confucius/action_helpers.go:169.59,171.3 1 5
bitbucket.org/SlothNinja/confucius/action_helpers.go:175.93,181.85 4 39
bitbucket.org/SlothNinja/confucius/action_helpers.go:196.2,196.8 1 39
bitbucket.org/SlothNinja/confucius/action_helpers.go:181.85,183.3 1 6
bitbucket.org/SlothNinja/confucius/action_helpers.go:183.3,183.92 1 33
bitbucket.org/SlothNinja/confucius/action_helpers.go:183.92,185.3 1 2
bitbucket.org/SlothNinja/confucius/action_helpers.go:185.3,185.92 1 31
bitbucket.org/SlothNinja/confucius/action_helpers.go:185.92,187.3 1 2
bitbucket.org/SlothNinja/confucius/action_helpers.go:187.3,187.48 1 29
bitbucket.org/SlothNinja/confucius/action_helpers.go:187.48,189.3 1 1
bitbucket.org/SlothNinja/confucius/action_helpers.go:189.3,189.48 1 28
bitbucket.org/SlothNinja/confucius/action_helpers.go:189.48,191.3 1 1
bitbucket.org/SlothNinja/confucius/action_helpers.go:191.3,191.48 1 27
bitbucket.org/SlothNinja/confucius/action_helpers.go:191.48,193.3 1 1
bitbucket.org/SlothNinja/confucius/action_helpers.go:193.3,195.3 1 26
bitbucket.org/SlothNinja/confucius/action_helpers.go:199.57,201.26 2 0
bitbucket.org/SlothNinja/confucius/action_helpers.go:214.2,214.25 1 0
bitbucket.org/SlothNinja/confucius/action_helpers.go:201.26,206.64 2 0
bitbucket.org/SlothNinja/confucius/action_helpers.go:210.3,212.24 1 0
bitbucket.org/SlothNinja/confucius/action_helpers.go:206.64,209.4 1 0
[...]
bitbucket.org/SlothNinja/confucius/player.go:266.30,268.3 1 0
bitbucket.org/SlothNinja/confucius/player.go:271.41,273.2 1 0
bitbucket.org/SlothNinja/confucius/player.go:275.40,276.32 1 7
bitbucket.org/SlothNinja/confucius/player.go:276.32,278.3 1 21
bitbucket.org/SlothNinja/confucius/player.go:281.35,285.2 3 4
bitbucket.org/SlothNinja/confucius/player.go:287.54,295.36 6 3
bitbucket.org/SlothNinja/confucius/player.go:304.2,310.8 6 3
bitbucket.org/SlothNinja/confucius/player.go:295.36,297.16 2 9
bitbucket.org/SlothNinja/confucius/player.go:300.3,301.26 2 9
bitbucket.org/SlothNinja/confucius/player.go:297.16,299.4 1 3
bitbucket.org/SlothNinja/confucius/player.go:313.36,316.31 3 3
bitbucket.org/SlothNinja/confucius/player.go:322.2,322.26 1 3
bitbucket.org/SlothNinja/confucius/player.go:316.31,321.3 4 15
bitbucket.org/SlothNinja/confucius/player.go:325.35,331.2 5 3
bitbucket.org/SlothNinja/confucius/player.go:333.41,335.2 1 0
bitbucket.org/SlothNinja/confucius/player.go:337.48,339.2 1 0
bitbucket.org/SlothNinja/confucius/player.go:341.55,345.2 3 0
bitbucket.org/SlothNinja/confucius/player.go:347.52,351.2 3 0
bitbucket.org/SlothNinja/confucius/player.go:353.49,354.32 1 0
bitbucket.org/SlothNinja/confucius/player.go:357.2,357.14 1 0
bitbucket.org/SlothNinja/confucius/player.go:354.32,356.3 1 0
bitbucket.org/SlothNinja/confucius/player.go:360.43,361.28 1 0
bitbucket.org/SlothNinja/confucius/player.go:364.2,364.11 1 0
bitbucket.org/SlothNinja/confucius/player.go:361.28,363.3 1 0
bitbucket.org/SlothNinja/confucius/player.go:367.52,368.28 1 0
bitbucket.org/SlothNinja/confucius/player.go:374.2,374.8 1 0
bitbucket.org/SlothNinja/confucius/player.go:368.28,369.22 1 0
bitbucket.org/SlothNinja/confucius/player.go:369.22,371.9 2 0
bitbucket.org/SlothNinja/confucius/player.go:377.59,378.23 1 0
bitbucket.org/SlothNinja/confucius/player.go:384.2,384.8 1 0
bitbucket.org/SlothNinja/confucius/player.go:378.23,379.24 1 0
bitbucket.org/SlothNinja/confucius/player.go:379.24,381.9 2 0
bitbucket.org/SlothNinja/confucius/player.go:387.36,388.23 1 0
bitbucket.org/SlothNinja/confucius/player.go:393.2,393.13 1 0
bitbucket.org/SlothNinja/confucius/player.go:388.23,389.16 1 0
bitbucket.org/SlothNinja/confucius/player.go:389.16,391.4 1 0
bitbucket.org/SlothNinja/confucius/player.go:396.45,397.23 1 0
bitbucket.org/SlothNinja/confucius/player.go:402.2,402.13 1 0
bitbucket.org/SlothNinja/confucius/player.go:397.23,398.25 1 0
bitbucket.org/SlothNinja/confucius/player.go:398.25,400.4 1 0
bitbucket.org/SlothNinja/confucius/player.go:405.47,406.34 1 84
bitbucket.org/SlothNinja/confucius/player.go:411.2,411.8 1 84
bitbucket.org/SlothNinja/confucius/player.go:406.34,407.19 1 279
bitbucket.org/SlothNinja/confucius/player.go:407.19,409.4 1 93
bitbucket.org/SlothNinja/confucius/player.go:414.33,418.2 3 21
bitbucket.org/SlothNinja/confucius/player.go:420.48,421.49 1 4
bitbucket.org/SlothNinja/confucius/player.go:424.2,424.8 1 4
bitbucket.org/SlothNinja/confucius/player.go:421.49,423.3 1 0
bitbucket.org/SlothNinja/confucius/player.go:427.41,431.51 3 5
bitbucket.org/SlothNinja/confucius/player.go:434.2,434.23 1 5
bitbucket.org/SlothNinja/confucius/player.go:431.51,433.3 1 0
bitbucket.org/SlothNinja/confucius/player.go:437.33,438.51 1 0
bitbucket.org/SlothNinja/confucius/player.go:441.2,441.10 1 0
bitbucket.org/SlothNinja/confucius/player.go:438.51,440.3 1 0
bitbucket.org/SlothNinja/confucius/player.go:444.53,445.28 1 27
bitbucket.org/SlothNinja/confucius/player.go:452.2,452.12 1 25
bitbucket.org/SlothNinja/confucius/player.go:445.28,446.37 1 6
bitbucket.org/SlothNinja/confucius/player.go:446.37,447.24 1 6
bitbucket.org/SlothNinja/confucius/player.go:447.24,449.5 1 2
bitbucket.org/SlothNinja/confucius/player.go:455.51,457.2 1 27
bitbucket.org/SlothNinja/confucius/player.go:459.35,461.44 2 6
bitbucket.org/SlothNinja/confucius/player.go:466.2,466.14 1 6
bitbucket.org/SlothNinja/confucius/player.go:461.44,462.50 1 18
bitbucket.org/SlothNinja/confucius/player.go:462.50,464.4 1 0
bitbucket.org/SlothNinja/confucius/player.go:469.60,470.35 1 23
bitbucket.org/SlothNinja/confucius/player.go:476.2,476.8 1 23
bitbucket.org/SlothNinja/confucius/player.go:470.35,471.19 1 76
bitbucket.org/SlothNinja/confucius/player.go:471.19,473.9 2 21
bitbucket.org/SlothNinja/confucius/player.go:479.66,480.34 1 0
bitbucket.org/SlothNinja/confucius/player.go:486.2,486.8 1 0
bitbucket.org/SlothNinja/confucius/player.go:480.34,481.19 1 0
bitbucket.org/SlothNinja/confucius/player.go:481.19,483.9 2 0
bitbucket.org/SlothNinja/confucius/player.go:489.72,490.34 1 19
bitbucket.org/SlothNinja/confucius/player.go:496.2,496.8 1 19
bitbucket.org/SlothNinja/confucius/player.go:490.34,491.18 1 19
bitbucket.org/SlothNinja/confucius/player.go:491.18,493.9 2 14
bitbucket.org/SlothNinja/confucius/player.go:499.59,501.17 2 0
bitbucket.org/SlothNinja/confucius/player.go:505.2,505.12 1 0
bitbucket.org/SlothNinja/confucius/player.go:501.17,504.3 2 0
bitbucket.org/SlothNinja/confucius/player.go:508.69,519.74 4 0
bitbucket.org/SlothNinja/confucius/player.go:523.2,523.14 1 0
bitbucket.org/SlothNinja/confucius/player.go:519.74,522.3 2 0
bitbucket.org/SlothNinja/confucius/player.go:526.41,528.2 1 34
bitbucket.org/SlothNinja/confucius/player.go:530.44,532.2 1 18
bitbucket.org/SlothNinja/confucius/player.go:534.53,535.32 1 26
bitbucket.org/SlothNinja/confucius/player.go:540.2,540.8 1 26
bitbucket.org/SlothNinja/confucius/player.go:535.32,536.55 1 82
bitbucket.org/SlothNinja/confucius/player.go:536.55,538.4 1 9
bitbucket.org/SlothNinja/confucius/player.go:543.50,545.2 1 1
bitbucket.org/SlothNinja/confucius/player.go:547.51,549.2 1 9
bitbucket.org/SlothNinja/confucius/player.go:551.42,553.32 2 0
bitbucket.org/SlothNinja/confucius/player.go:558.2,558.14 1 0
bitbucket.org/SlothNinja/confucius/player.go:553.32,554.55 1 0
bitbucket.org/SlothNinja/confucius/player.go:554.55,556.4 1 0
bitbucket.org/SlothNinja/confucius/player.go:561.34,563.2 1 0
bitbucket.org/SlothNinja/confucius/player.go:565.37,567.2 1 0
bitbucket.org/SlothNinja/confucius/return_action_cubes.go:8.60,12.35 3 1
bitbucket.org/SlothNinja/confucius/return_action_cubes.go:12.35,14.3 1 12
bitbucket.org/SlothNinja/confucius/return_action_cubes.go:17.43,19.2 1 12
bitbucket.org/SlothNinja/confucius/build_wall_phase.go:8.52,15.2 5 2
bitbucket.org/SlothNinja/confucius/buy_junks.go:16.13,18.2 1 1
bitbucket.org/SlothNinja/confucius/buy_junks.go:20.90,30.61 4 6
bitbucket.org/SlothNinja/confucius/buy_junks.go:34.2,53.28 10 1
bitbucket.org/SlothNinja/confucius/buy_junks.go:30.61,32.3 1 5
bitbucket.org/SlothNinja/confucius/buy_junks.go:62.75,71.2 8 1
bitbucket.org/SlothNinja/confucius/buy_junks.go:73.46,78.2 3 1
bitbucket.org/SlothNinja/confucius/buy_junks.go:80.97,84.56 3 6
bitbucket.org/SlothNinja/confucius/buy_junks.go:88.2,88.60 1 5
bitbucket.org/SlothNinja/confucius/buy_junks.go:92.2,93.61 2 4
bitbucket.org/SlothNinja/confucius/buy_junks.go:98.2,102.9 4 3
bitbucket.org/SlothNinja/confucius/buy_junks.go:108.2,108.8 1 3
bitbucket.org/SlothNinja/confucius/buy_junks.go:84.56,86.3 1 1
bitbucket.org/SlothNinja/confucius/buy_junks.go:88.60,90.3 1 1
bitbucket.org/SlothNinja/confucius/buy_junks.go:93.61,96.3 2 1
bitbucket.org/SlothNinja/confucius/buy_junks.go:103.17,104.125 1 1
bitbucket.org/SlothNinja/confucius/buy_junks.go:105.20,106.83 1 1
bitbucket.org/SlothNinja/confucius/buy_junks.go:111.38,113.2 1 2
bitbucket.org/SlothNinja/confucius/buy_junks.go:115.37,119.2 2 2
bitbucket.org/SlothNinja/confucius/buy_junks.go:121.39,123.2 1 2
bitbucket.org/SlothNinja/confucius/discard.go:16.13,18.2 1 1
bitbucket.org/SlothNinja/confucius/discard.go:20.67,28.32 6 3
bitbucket.org/SlothNinja/confucius/discard.go:36.2,36.18 1 3
bitbucket.org/SlothNinja/confucius/discard.go:40.2,42.8 3 3
bitbucket.org/SlothNinja/confucius/discard.go:28.32,31.29 3 9
bitbucket.org/SlothNinja/confucius/discard.go:31.29,33.4 1 2
bitbucket.org/SlothNinja/confucius/discard.go:36.18,39.3 1 1
bitbucket.org/SlothNinja/confucius/discard.go:45.78,50.16 4 5
bitbucket.org/SlothNinja/confucius/discard.go:54.2,59.28 4 1
bitbucket.org/SlothNinja/confucius/discard.go:50.16,52.3 1 4
bitbucket.org/SlothNinja/confucius/discard.go:62.45,68.2 3 1
bitbucket.org/SlothNinja/confucius/discard.go:75.67,83.2 7 1
bitbucket.org/SlothNinja/confucius/discard.go:85.45,87.2 1 1
bitbucket.org/SlothNinja/confucius/discard.go:89.71,94.16 4 5
bitbucket.org/SlothNinja/confucius/discard.go:98.2,100.9 3 4
bitbucket.org/SlothNinja/confucius/discard.go:109.2,109.19 1 1
bitbucket.org/SlothNinja/confucius/discard.go:94.16,96.3 1 1
bitbucket.org/SlothNinja/confucius/discard.go:101.46,102.71 1 1
bitbucket.org/SlothNinja/confucius/discard.go:103.26,104.91 1 1
bitbucket.org/SlothNinja/confucius/discard.go:105.25,107.17 1 1
bitbucket.org/SlothNinja/confucius/discard.go:112.37,115.2 1 2
bitbucket.org/SlothNinja/confucius/discard.go:117.109,118.52 1 3
bitbucket.org/SlothNinja/confucius/discard.go:122.2,125.36 3 1
bitbucket.org/SlothNinja/confucius/discard.go:129.2,129.8 1 1
bitbucket.org/SlothNinja/confucius/discard.go:118.52,120.3 1 2
bitbucket.org/SlothNinja/confucius/discard.go:125.36,128.3 2 1
bitbucket.org/SlothNinja/confucius/ministry_resolution_phase.go:14.91,23.57 5 0
bitbucket.org/SlothNinja/confucius/ministry_resolution_phase.go:31.2,32.8 2 0
bitbucket.org/SlothNinja/confucius/ministry_resolution_phase.go:23.57,25.54 2 0
bitbucket.org/SlothNinja/confucius/ministry_resolution_phase.go:25.54,26.64 1 0
bitbucket.org/SlothNinja/confucius/ministry_resolution_phase.go:26.64,28.5 1 0
bitbucket.org/SlothNinja/confucius/ministry_resolution_phase.go:35.47,36.33 1 0
bitbucket.org/SlothNinja/confucius/ministry_resolution_phase.go:41.2,41.12 1 0
bitbucket.org/SlothNinja/confucius/ministry_resolution_phase.go:36.33,37.19 1 0
bitbucket.org/SlothNinja/confucius/ministry_resolution_phase.go:37.19,39.4 1 0
bitbucket.org/SlothNinja/confucius/ministry_resolution_phase.go:44.89,49.32 4 0
bitbucket.org/SlothNinja/confucius/ministry_resolution_phase.go:53.2,53.26 1 0
bitbucket.org/SlothNinja/confucius/ministry_resolution_phase.go:49.32,52.3 2 0
bitbucket.org/SlothNinja/confucius/ministry_resolution_phase.go:56.63,58.32 2 0
bitbucket.org/SlothNinja/confucius/ministry_resolution_phase.go:63.2,63.8 1 0
bitbucket.org/SlothNinja/confucius/ministry_resolution_phase.go:58.32,59.28 1 0
bitbucket.org/SlothNinja/confucius/ministry_resolution_phase.go:59.28,61.4 1 0
bitbucket.org/SlothNinja/confucius/ministry_resolution_phase.go:66.74,71.100 4 0
bitbucket.org/SlothNinja/confucius/ministry_resolution_phase.go:85.2,86.27 2 0
bitbucket.org/SlothNinja/confucius/ministry_resolution_phase.go:122.2,124.21 3 0
bitbucket.org/SlothNinja/confucius/ministry_resolution_phase.go:128.2,130.22 3 0
bitbucket.org/SlothNinja/confucius/ministry_resolution_phase.go:135.2,143.32 7 0
bitbucket.org/SlothNinja/confucius/ministry_resolution_phase.go:147.2,153.8 6 0
bitbucket.org/SlothNinja/confucius/ministry_resolution_phase.go:71.100,76.19 4 0
bitbucket.org/SlothNinja/confucius/ministry_resolution_phase.go:82.3,82.48 1 0
bitbucket.org/SlothNinja/confucius/ministry_resolution_phase.go:76.19,81.4 4 0
bitbucket.org/SlothNinja/confucius/ministry_resolution_phase.go:87.9,88.33 1 0
bitbucket.org/SlothNinja/confucius/ministry_resolution_phase.go:91.9,93.40 2 0
bitbucket.org/SlothNinja/confucius/ministry_resolution_phase.go:88.33,90.4 1 0
bitbucket.org/SlothNinja/confucius/ministry_resolution_phase.go:93.40,94.11 1 0
bitbucket.org/SlothNinja/confucius/ministry_resolution_phase.go:95.28,96.43 1 0
bitbucket.org/SlothNinja/confucius/ministry_resolution_phase.go:97.31,98.22 1 0
bitbucket.org/SlothNinja/confucius/ministry_resolution_phase.go:99.31,101.43 2 0
bitbucket.org/SlothNinja/confucius/ministry_resolution_phase.go:102.32,104.64 2 0
bitbucket.org/SlothNinja/confucius/ministry_resolution_phase.go:111.5,111.28 1 0
bitbucket.org/SlothNinja/confucius/ministry_resolution_phase.go:104.64,107.45 3 0
bitbucket.org/SlothNinja/confucius/ministry_resolution_phase.go:107.45,108.12 1 0
bitbucket.org/SlothNinja/confucius/ministry_resolution_phase.go:112.14,114.44 2 0
bitbucket.org/SlothNinja/confucius/ministry_resolution_phase.go:115.13,116.23 1 0
bitbucket.org/SlothNinja/confucius/ministry_resolution_phase.go:124.21,126.3 1 0
bitbucket.org/SlothNinja/confucius/ministry_resolution_phase.go:130.22,132.3 1 0
bitbucket.org/SlothNinja/confucius/ministry_resolution_phase.go:143.32,145.3 1 0
bitbucket.org/SlothNinja/confucius/ministry_resolution_phase.go:165.66,170.2 4 0
bitbucket.org/SlothNinja/confucius/ministry_resolution_phase.go:172.54,174.76 2 0
bitbucket.org/SlothNinja/confucius/ministry_resolution_phase.go:179.2,179.79 1 0
bitbucket.org/SlothNinja/confucius/ministry_resolution_phase.go:184.2,184.24 1 0
bitbucket.org/SlothNinja/confucius/ministry_resolution_phase.go:174.76,176.3 1 0
bitbucket.org/SlothNinja/confucius/ministry_resolution_phase.go:176.3,178.3 1 0
bitbucket.org/SlothNinja/confucius/ministry_resolution_phase.go:179.79,181.3 1 0
bitbucket.org/SlothNinja/confucius/ministry_resolution_phase.go:181.3,183.3 1 0
bitbucket.org/SlothNinja/confucius/ministry_resolution_phase.go:187.75,191.39 3 0
bitbucket.org/SlothNinja/confucius/ministry_resolution_phase.go:200.2,200.20 1 0
bitbucket.org/SlothNinja/confucius/ministry_resolution_phase.go:204.2,204.61 1 0
bitbucket.org/SlothNinja/confucius/ministry_resolution_phase.go:218.2,218.12 1 0
bitbucket.org/SlothNinja/confucius/ministry_resolution_phase.go:191.39,192.19 1 0
bitbucket.org/SlothNinja/confucius/ministry_resolution_phase.go:192.19,194.4 1 0
bitbucket.org/SlothNinja/confucius/ministry_resolution_phase.go:194.4,194.25 1 0
bitbucket.org/SlothNinja/confucius/ministry_resolution_phase.go:194.25,197.4 2 0
bitbucket.org/SlothNinja/confucius/ministry_resolution_phase.go:200.20,202.3 1 0
bitbucket.org/SlothNinja/confucius/ministry_resolution_phase.go:204.61,206.10 2 0
bitbucket.org/SlothNinja/confucius/ministry_resolution_phase.go:209.3,209.28 1 0
bitbucket.org/SlothNinja/confucius/ministry_resolution_phase.go:206.10,207.12 1 0
bitbucket.org/SlothNinja/confucius/ministry_resolution_phase.go:209.28,210.30 1 0
bitbucket.org/SlothNinja/confucius/ministry_resolution_phase.go:213.4,213.22 1 0
bitbucket.org/SlothNinja/confucius/ministry_resolution_phase.go:210.30,212.5 1 0
bitbucket.org/SlothNinja/confucius/ministry_resolution_phase.go:213.22,215.5 1 0
bitbucket.org/SlothNinja/confucius/ministry_resolution_phase.go:221.115,225.52 3 0
bitbucket.org/SlothNinja/confucius/ministry_resolution_phase.go:229.2,231.66 3 0
bitbucket.org/SlothNinja/confucius/ministry_resolution_phase.go:237.2,237.8 1 0
bitbucket.org/SlothNinja/confucius/ministry_resolution_phase.go:225.52,227.3 1 0
bitbucket.org/SlothNinja/confucius/ministry_resolution_phase.go:231.66,232.68 1 0
bitbucket.org/SlothNinja/confucius/ministry_resolution_phase.go:232.68,235.4 2 0
bitbucket.org/SlothNinja/confucius/tax_income.go:13.13,15.2 1 1
bitbucket.org/SlothNinja/confucius/tax_income.go:17.80,22.16 4 0
bitbucket.org/SlothNinja/confucius/tax_income.go:27.2,40.28 7 0
bitbucket.org/SlothNinja/confucius/tax_income.go:22.16,24.3 1 0
bitbucket.org/SlothNinja/confucius/tax_income.go:47.54,54.2 6 0
bitbucket.org/SlothNinja/confucius/tax_income.go:56.47,58.2 1 0
bitbucket.org/SlothNinja/confucius/tax_income.go:60.39,63.2 2 0
bitbucket.org/SlothNinja/confucius/tax_income.go:65.45,68.2 2 0
bitbucket.org/SlothNinja/confucius/bribe_official.go:14.13,16.2 1 1
bitbucket.org/SlothNinja/confucius/bribe_official.go:18.84,23.16 4 26
bitbucket.org/SlothNinja/confucius/bribe_official.go:27.2,45.28 9 1
bitbucket.org/SlothNinja/confucius/bribe_official.go:23.16,25.3 1 25
bitbucket.org/SlothNinja/confucius/bribe_official.go:55.103,65.2 9 1
bitbucket.org/SlothNinja/confucius/bribe_official.go:67.51,71.2 2 1
bitbucket.org/SlothNinja/confucius/bribe_official.go:73.124,74.56 1 26
bitbucket.org/SlothNinja/confucius/bribe_official.go:78.2,78.65 1 20
bitbucket.org/SlothNinja/confucius/bribe_official.go:82.2,82.77 1 11
bitbucket.org/SlothNinja/confucius/bribe_official.go:86.2,87.42 2 5
bitbucket.org/SlothNinja/confucius/bribe_official.go:95.2,95.8 1 5
bitbucket.org/SlothNinja/confucius/bribe_official.go:74.56,76.3 1 6
bitbucket.org/SlothNinja/confucius/bribe_official.go:78.65,80.3 1 9
bitbucket.org/SlothNinja/confucius/bribe_official.go:82.77,84.3 1 6
bitbucket.org/SlothNinja/confucius/bribe_official.go:88.17,89.146 1 2
bitbucket.org/SlothNinja/confucius/bribe_official.go:90.18,91.79 1 1
bitbucket.org/SlothNinja/confucius/bribe_official.go:92.35,93.148 1 1
bitbucket.org/SlothNinja/confucius/bribe_official.go:98.65,100.33 2 5
bitbucket.org/SlothNinja/confucius/bribe_official.go:106.2,106.8 1 3
bitbucket.org/SlothNinja/confucius/bribe_official.go:100.33,101.94 1 15
bitbucket.org/SlothNinja/confucius/bribe_official.go:101.94,104.4 2 2
bitbucket.org/SlothNinja/confucius/bribe_official.go:109.43,112.2 2 2
bitbucket.org/SlothNinja/confucius/bribe_official.go:114.44,118.2 2 2
bitbucket.org/SlothNinja/confucius/bribe_official.go:120.55,121.33 1 2
bitbucket.org/SlothNinja/confucius/bribe_official.go:130.2,130.14 1 1
bitbucket.org/SlothNinja/confucius/bribe_official.go:121.33,122.18 1 4
bitbucket.org/SlothNinja/confucius/bribe_official.go:122.18,123.34 1 1
bitbucket.org/SlothNinja/confucius/bribe_official.go:123.34,124.47 1 1
bitbucket.org/SlothNinja/confucius/bribe_official.go:124.47,126.6 1 1
bitbucket.org/SlothNinja/confucius/bribe_official.go:133.57,135.2 1 1
bitbucket.org/SlothNinja/confucius/confucius_card.go:9.13,11.2 1 1
bitbucket.org/SlothNinja/confucius/confucius_card.go:19.45,21.2 1 11
bitbucket.org/SlothNinja/confucius/confucius_card.go:23.47,24.35 1 1
bitbucket.org/SlothNinja/confucius/confucius_card.go:27.2,27.8 1 1
bitbucket.org/SlothNinja/confucius/confucius_card.go:24.35,26.3 1 19
bitbucket.org/SlothNinja/confucius/confucius_card.go:30.43,32.2 1 0
bitbucket.org/SlothNinja/confucius/confucius_card.go:34.54,36.25 2 78
bitbucket.org/SlothNinja/confucius/confucius_card.go:39.2,39.8 1 78
bitbucket.org/SlothNinja/confucius/confucius_card.go:36.25,38.3 1 50
bitbucket.org/SlothNinja/confucius/confucius_card.go:42.49,44.2 1 14
bitbucket.org/SlothNinja/confucius/confucius_card.go:46.56,47.21 1 14
bitbucket.org/SlothNinja/confucius/confucius_card.go:50.2,50.29 1 14
bitbucket.org/SlothNinja/confucius/confucius_card.go:47.21,49.3 1 0
bitbucket.org/SlothNinja/confucius/confucius_card.go:53.49,55.2 1 5
bitbucket.org/SlothNinja/confucius/confucius_card.go:57.63,59.26 2 5
bitbucket.org/SlothNinja/confucius/confucius_card.go:62.2,62.8 1 5
bitbucket.org/SlothNinja/confucius/confucius_card.go:59.26,61.3 1 10
bitbucket.org/SlothNinja/confucius/confucius_card.go:65.51,67.23 2 10
bitbucket.org/SlothNinja/confucius/confucius_card.go:72.2,72.11 1 0
bitbucket.org/SlothNinja/confucius/confucius_card.go:67.23,68.20 1 11
bitbucket.org/SlothNinja/confucius/confucius_card.go:68.20,70.4 1 10
bitbucket.org/SlothNinja/confucius/confucius_card.go:75.45,77.2 1 40
bitbucket.org/SlothNinja/confucius/confucius_card.go:79.46,82.2 2 30
bitbucket.org/SlothNinja/confucius/confucius_card.go:84.59,89.2 4 30
bitbucket.org/SlothNinja/confucius/confucius_card.go:91.45,92.28 1 0
bitbucket.org/SlothNinja/confucius/confucius_card.go:95.2,95.14 1 0
bitbucket.org/SlothNinja/confucius/confucius_card.go:92.28,94.3 1 0
bitbucket.org/SlothNinja/confucius/confucius_card.go:98.42,99.28 1 21
bitbucket.org/SlothNinja/confucius/confucius_card.go:102.2,102.14 1 21
bitbucket.org/SlothNinja/confucius/confucius_card.go:99.28,101.3 1 40
bitbucket.org/SlothNinja/confucius/confucius_card.go:105.47,106.28 1 0
bitbucket.org/SlothNinja/confucius/confucius_card.go:111.2,111.14 1 0
bitbucket.org/SlothNinja/confucius/confucius_card.go:106.28,107.22 1 0
bitbucket.org/SlothNinja/confucius/confucius_card.go:107.22,109.4 1 0
bitbucket.org/SlothNinja/confucius/confucius_card.go:114.36,116.2 1 0
bitbucket.org/SlothNinja/confucius/confucius_card.go:118.31,119.22 1 3
bitbucket.org/SlothNinja/confucius/confucius_card.go:119.22,121.3 1 9
